\BOOKMARK [1][-]{section.1}{\376\377\000C\000h\000a\000r\000a\000c\000t\000e\000r\000i\000s\000a\000t\000i\000o\000n\000\040\000o\000f\000\040\000d\000i\000f\000f\000e\000r\000e\000n\000t\000i\000a\000t\000i\000o\000n}{}% 1
\BOOKMARK [2][-]{subsection.1.1}{\376\377\000A\000i\000m}{section.1}% 2
\BOOKMARK [2][-]{subsection.1.2}{\376\377\000M\000e\000t\000h\000o\000d\000s}{section.1}% 3
\BOOKMARK [1][-]{section.2}{\376\377\000S\000i\000R\000N\000A}{}% 4
\BOOKMARK [2][-]{subsection.2.1}{\376\377\000A\000i\000m}{section.2}% 5
\BOOKMARK [2][-]{subsection.2.2}{\376\377\000M\000e\000t\000h\000o\000d\000s}{section.2}% 6
\BOOKMARK [3][-]{subsubsection.2.2.1}{\376\377\000S\000t\000a\000i\000n\000i\000n\000g}{subsection.2.2}% 7
\BOOKMARK [3][-]{subsubsection.2.2.2}{\376\377\000W\000e\000s\000t\000e\000r\000n\000\040\000B\000l\000o\000t}{subsection.2.2}% 8
\BOOKMARK [1][-]{section.3}{\376\377\000D\000r\000u\000g\000\040\000t\000o\000x\000i\000c\000i\000t\000y\000/\000e\000f\000f\000i\000c\000i\000e\000n\000c\000y}{}% 9
\BOOKMARK [2][-]{subsection.3.1}{\376\377\000A\000i\000m}{section.3}% 10
\BOOKMARK [2][-]{subsection.3.2}{\376\377\000M\000e\000t\000h\000o\000d\000s}{section.3}% 11
\BOOKMARK [3][-]{subsubsection.3.2.1}{\376\377\000A\000l\000a\000m\000a\000r\000B\000l\000u\000e}{subsection.3.2}% 12
\BOOKMARK [3][-]{subsubsection.3.2.2}{\376\377\000D\000C\000F\000-\000D\000A}{subsection.3.2}% 13
\BOOKMARK [3][-]{subsubsection.3.2.3}{\376\377\000W\000e\000s\000t\000e\000r\000n\000\040\000B\000l\000o\000t\000\040\000\050\000h\000y\000p\000o\000t\000h\000e\000s\000i\000s\000\051}{subsection.3.2}% 14
\BOOKMARK [1][-]{section.4}{\376\377\000C\000a\000l\000i\000b\000r\000a\000t\000i\000o\000n\000\040\000c\000u\000r\000v\000e\000\040\000f\000o\000r\000\040\000H\0002\000A\000X\000\040\000d\000a\000m\000a\000g\000e}{}% 15
\BOOKMARK [2][-]{subsection.4.1}{\376\377\000A\000i\000m}{section.4}% 16
\BOOKMARK [2][-]{subsection.4.2}{\376\377\000M\000e\000t\000h\000o\000d\000s}{section.4}% 17
\BOOKMARK [3][-]{subsubsection.4.2.1}{\376\377\000S\000t\000a\000i\000n\000i\000n\000g}{subsection.4.2}% 18
\BOOKMARK [3][-]{subsubsection.4.2.2}{\376\377\000W\000e\000s\000t\000e\000r\000n\000\040\000b\000l\000o\000t}{subsection.4.2}% 19
\BOOKMARK [1][-]{section.5}{\376\377\000R\000e\000v\000e\000r\000s\000i\000b\000i\000l\000i\000t\000y\000\040\000o\000f\000\040\000I\000R\000-\000i\000n\000d\000u\000c\000e\000d\000\040\000d\000i\000f\000f\000e\000r\000e\000n\000t\000i\000a\000t\000i\000o\000n\000\040\000\050\000c\000l\000o\000n\000o\000g\000e\000n\000i\000c\000\040\000a\000s\000s\000a\000y\000\051}{}% 20
\BOOKMARK [2][-]{subsection.5.1}{\376\377\000A\000i\000m}{section.5}% 21
\BOOKMARK [2][-]{subsection.5.2}{\376\377\000M\000e\000t\000h\000o\000d\000s}{section.5}% 22
\BOOKMARK [3][-]{subsubsection.5.2.1}{\376\377\000S\000t\000a\000i\000n\000i\000n\000g}{subsection.5.2}% 23
\BOOKMARK [3][-]{subsubsection.5.2.2}{\376\377\000W\000e\000s\000t\000e\000r\000n\000\040\000B\000l\000o\000t}{subsection.5.2}% 24
\BOOKMARK [1][-]{section.6}{\376\377\000C\000R\000I\000S\000P\000R}{}% 25
\BOOKMARK [2][-]{subsection.6.1}{\376\377\000A\000i\000m}{section.6}% 26
\BOOKMARK [2][-]{subsection.6.2}{\376\377\000M\000e\000t\000h\000o\000d\000s}{section.6}% 27
\BOOKMARK [3][-]{subsubsection.6.2.1}{\376\377\000W\000e\000s\000t\000e\000r\000n\000\040\000B\000l\000o\000t}{subsection.6.2}% 28
\BOOKMARK [1][-]{section.7}{\376\377\000B\000a\000s\000i\000c\000\040\000r\000e\000s\000p\000o\000n\000s\000e\000\040\000o\000f\000\040\000S\000Y\0005\000Y\000\040\000t\000o\000\040\000d\000r\000u\000g\000s}{}% 29
\BOOKMARK [2][-]{subsection.7.1}{\376\377\000A\000i\000m}{section.7}% 30
\BOOKMARK [2][-]{subsection.7.2}{\376\377\000M\000e\000t\000h\000o\000d\000s}{section.7}% 31
\BOOKMARK [1][-]{section.8}{\376\377\000K\000i\000n\000k\000s\000\040\000t\000o\000\040\000i\000r\000o\000n\000\040\000o\000u\000t}{}% 32
\BOOKMARK [2][-]{subsection.8.1}{\376\377\000G\000e\000t\000\040\000a\000\040\000D\0000}{section.8}% 33
