\BOOKMARK [1][-]{section.1}{\376\377\000I\000n\000t\000r\000o\000d\000u\000c\000t\000i\000o\000n}{}% 1
\BOOKMARK [2][-]{subsection.1.1}{\376\377\000D\000Y\000R\000K\0001\000A\000,\000\040\000g\000r\000e\000e\000n\000\040\000t\000e\000a\000\040\000a\000n\000d\000\040\000d\000o\000w\000n\000-\000s\000y\000n\000d\000r\000o\000m\000e}{section.1}% 2
\BOOKMARK [3][-]{subsubsection.1.1.1}{\376\377\000D\000Y\000R\000K\0001\000A\000\040\000a\000n\000d\000\040\000a\000p\000o\000p\000t\000o\000s\000i\000s}{subsection.1.1}% 3
\BOOKMARK [3][-]{subsubsection.1.1.2}{\376\377\000D\000Y\000R\000K\0001\000A\000\040\000a\000n\000d\000\040\000t\000h\000e\000\040\000c\000e\000l\000l\000\040\000c\000y\000c\000l\000e}{subsection.1.1}% 4
\BOOKMARK [3][-]{subsubsection.1.1.3}{\376\377\000D\000Y\000R\000K\0001\000A\000\040\000a\000n\000d\000\040\000d\000i\000f\000f\000e\000r\000e\000n\000t\000i\000a\000t\000i\000o\000n}{subsection.1.1}% 5
\BOOKMARK [3][-]{subsubsection.1.1.4}{\376\377\000D\000Y\000R\000K\0001\000A\000\040\000a\000n\000d\000\040\000c\000a\000n\000c\000e\000r\000:\000\040\000a\000n\000\040\000a\000m\000b\000i\000g\000u\000o\000u\000s\000\040\000b\000o\000n\000d}{subsection.1.1}% 6
\BOOKMARK [3][-]{subsubsection.1.1.5}{\376\377\000R\000a\000d\000i\000a\000t\000i\000o\000n\000\040\000a\000n\000d\000\040\000D\000Y\000R\000K\0001\000A}{subsection.1.1}% 7
\BOOKMARK [2][-]{subsection.1.2}{\376\377\000C\000u\000l\000t\000u\000r\000e\000\040\000m\000e\000t\000h\000o\000d\000s}{section.1}% 8
\BOOKMARK [3][-]{subsubsection.1.2.1}{\376\377\0002\000D\000\040\000a\000n\000d\000\040\0003\000D}{subsection.1.2}% 9
\BOOKMARK [3][-]{subsubsection.1.2.2}{\376\377\000P\000e\000r\000f\000u\000s\000i\000o\000n\000\040\000m\000o\000d\000e\000l\000s}{subsection.1.2}% 10
\BOOKMARK [2][-]{subsection.1.3}{\376\377\000A\000i\000m\000s\000\040\000a\000n\000d\000\040\000O\000b\000j\000e\000c\000t\000i\000v\000e\000s}{section.1}% 11
\BOOKMARK [1][-]{section.2}{\376\377\000M\000a\000t\000e\000r\000i\000a\000l\000s\000\040\000a\000n\000d\000\040\000m\000e\000t\000h\000o\000d\000s}{}% 12
\BOOKMARK [2][-]{subsection.2.1}{\376\377\000C\000e\000l\000l\000\040\000l\000i\000n\000e\000s\000\040\000a\000n\000d\000\040\000c\000u\000l\000t\000u\000r\000e\000\040\000c\000o\000n\000d\000i\000t\000i\000o\000n\000s}{section.2}% 13
\BOOKMARK [3][-]{subsubsection.2.1.1}{\376\377\000R\000e\000N\000c\000e\000l\000l\000\040\000V\000M\000\040\000c\000e\000l\000l\000\040\000l\000i\000n\000e}{subsection.2.1}% 14
\BOOKMARK [3][-]{subsubsection.2.1.2}{\376\377\000S\000H\000-\000S\000Y\0005\000Y\000\040\000c\000e\000l\000l\000\040\000l\000i\000n\000e}{subsection.2.1}% 15
\BOOKMARK [2][-]{subsection.2.2}{\376\377\000D\000Y\000R\000K\0001\000A\000\040\000I\000n\000h\000i\000b\000i\000t\000o\000r\000s}{section.2}% 16
\BOOKMARK [2][-]{subsection.2.3}{\376\377\000T\000r\000a\000n\000s\000i\000e\000n\000t\000\040\000s\000i\000R\000N\000A\000\040\000k\000n\000o\000c\000k\000d\000o\000w\000n\000\040\000o\000f\000\040\000D\000Y\000R\000K\0001\000A}{section.2}% 17
\BOOKMARK [3][-]{subsubsection.2.3.1}{\376\377\000E\000l\000e\000c\000t\000r\000o\000p\000o\000r\000a\000t\000i\000o\000n}{subsection.2.3}% 18
\BOOKMARK [3][-]{subsubsection.2.3.2}{\376\377\000L\000i\000p\000i\000d\000\040\000t\000r\000a\000n\000s\000f\000e\000c\000t\000i\000o\000n}{subsection.2.3}% 19
\BOOKMARK [2][-]{subsection.2.4}{\376\377\000C\000e\000l\000l\000\040\000v\000i\000a\000b\000i\000l\000i\000t\000y\000\040\000a\000s\000s\000a\000y}{section.2}% 20
\BOOKMARK [2][-]{subsection.2.5}{\376\377\000I\000m\000m\000u\000n\000o\000f\000l\000u\000o\000r\000e\000s\000c\000e\000n\000c\000e}{section.2}% 21
\BOOKMARK [2][-]{subsection.2.6}{\376\377\000W\000e\000s\000t\000e\000r\000n\000\040\000b\000l\000o\000t}{section.2}% 22
\BOOKMARK [3][-]{subsubsection.2.6.1}{\376\377\000B\000C\000A\000\040\000a\000s\000s\000a\000y}{subsection.2.6}% 23
\BOOKMARK [3][-]{subsubsection.2.6.2}{\376\377\000B\000r\000a\000d\000f\000o\000r\000d\000\040\000a\000s\000s\000a\000y}{subsection.2.6}% 24
\BOOKMARK [3][-]{subsubsection.2.6.3}{\376\377\000R\000u\000n\000n\000i\000n\000g\000\040\000t\000h\000e\000\040\000g\000e\000l}{subsection.2.6}% 25
\BOOKMARK [2][-]{subsection.2.7}{\376\377\000B\000i\000o\000r\000e\000a\000c\000t\000o\000r\000\040\000s\000i\000m\000u\000l\000a\000t\000i\000o\000n}{section.2}% 26
\BOOKMARK [2][-]{subsection.2.8}{\376\377\000C\000a\000s\000t\000i\000n\000g\000\040\000b\000i\000o\000r\000e\000a\000c\000t\000o\000r}{section.2}% 27
\BOOKMARK [2][-]{subsection.2.9}{\376\377\000R\000a\000d\000i\000a\000t\000i\000o\000n}{section.2}% 28
\BOOKMARK [3][-]{subsubsection.2.9.1}{\376\377\000D\000o\000s\000i\000m\000e\000t\000r\000y}{subsection.2.9}% 29
\BOOKMARK [3][-]{subsubsection.2.9.2}{\376\377\000P\000r\000o\000t\000o\000c\000o\000l\000?}{subsection.2.9}% 30
\BOOKMARK [2][-]{subsection.2.10}{\376\377\000O\000x\000d\000i\000d\000a\000t\000i\000v\000e\000\040\000s\000t\000r\000e\000s\000s\000\040\000a\000s\000s\000a\000y}{section.2}% 31
\BOOKMARK [3][-]{subsubsection.2.10.1}{\376\377\000M\000i\000c\000r\000o\000s\000c\000o\000p\000y}{subsection.2.10}% 32
\BOOKMARK [3][-]{subsubsection.2.10.2}{\376\377\000F\000l\000o\000w\000\040\000C\000y\000t\000o\000m\000e\000t\000r\000y}{subsection.2.10}% 33
\BOOKMARK [2][-]{subsection.2.11}{\376\377\000S\000t\000a\000t\000i\000s\000t\000i\000c\000a\000l\000\040\000a\000n\000a\000l\000y\000s\000i\000s}{section.2}% 34
\BOOKMARK [1][-]{section.3}{\376\377\000R\000e\000s\000u\000l\000t\000s}{}% 35
\BOOKMARK [2][-]{subsection.3.1}{\376\377\000C\000h\000a\000r\000a\000c\000t\000e\000r\000i\000s\000a\000t\000i\000o\000n\000\040\000o\000f\000\040\000t\000h\000e\000\040\000S\000Y\0005\000Y\000\040\000a\000n\000d\000\040\000R\000e\000N\000c\000e\000l\000l\000\040\000V\000M\000\040\000c\000e\000l\000l\000\040\000l\000i\000n\000e\000s}{section.3}% 36
\BOOKMARK [3][-]{subsubsection.3.1.1}{\376\377\000T\000h\000e\000\040\000R\000e\000N\000c\000e\000l\000l\000\040\000V\000M\000\040\000c\000e\000l\000l\000\040\000l\000i\000n\000e}{subsection.3.1}% 37
\BOOKMARK [3][-]{subsubsection.3.1.2}{\376\377\000T\000h\000e\000\040\000S\000Y\0005\000Y\000\040\000c\000e\000l\000l\000\040\000l\000i\000n\000e}{subsection.3.1}% 38
\BOOKMARK [2][-]{subsection.3.2}{\376\377\000D\000r\000u\000g\000\040\000i\000n\000h\000i\000b\000i\000t\000i\000o\000n}{section.3}% 39
\BOOKMARK [3][-]{subsubsection.3.2.1}{\376\377\000D\000Y\000R\000K\0001\000A\000\040\000i\000n\000h\000i\000b\000i\000t\000i\000o\000n\000\040\000a\000n\000d\000\040\000t\000r\000a\000n\000s\000i\000e\000n\000t\000\040\000k\000n\000o\000c\000k\000o\000u\000t}{subsection.3.2}% 40
\BOOKMARK [2][-]{subsection.3.3}{\376\377\000D\000Y\000R\000K\0001\000A\000\040\000k\000n\000o\000c\000k\000d\000o\000w\000n\000\040\000i\000n\000\040\000t\000r\000a\000d\000i\000t\000i\000o\000n\000a\000l\000\040\000c\000e\000l\000l\000\040\000c\000u\000l\000t\000u\000r\000e}{section.3}% 41
\BOOKMARK [2][-]{subsection.3.4}{\376\377\000E\000n\000g\000i\000n\000e\000e\000r\000i\000n\000g\000\040\000a\000n\000d\000\040\000b\000i\000o\000l\000o\000g\000y}{section.3}% 42
\BOOKMARK [1][-]{section.4}{\376\377\000D\000i\000s\000c\000u\000s\000s\000i\000o\000n}{}% 43
\BOOKMARK [2][-]{subsection.4.1}{\376\377\000C\000e\000l\000l\000\040\000c\000h\000a\000r\000a\000c\000t\000e\000r\000i\000s\000a\000t\000i\000o\000n}{section.4}% 44
\BOOKMARK [2][-]{subsection.4.2}{\376\377\000D\000Y\000R\000K\0001\000A\000\040\000i\000n\000h\000i\000b\000i\000t\000o\000r\000s\000\040\000i\000n\000\040\000t\000r\000a\000d\000i\000t\000i\000o\000n\000a\000l\000\040\000c\000e\000l\000l\000\040\000c\000u\000l\000t\000u\000r\000e}{section.4}% 45
\BOOKMARK [2][-]{subsection.4.3}{\376\377\000E\000n\000g\000i\000n\000e\000e\000r\000i\000n\000g\000\040\000a\000n\000d\000\040\000b\000i\000o\000l\000o\000g\000y}{section.4}% 46
\BOOKMARK [2][-]{subsection.4.4}{\376\377\000C\000o\000n\000c\000l\000u\000s\000i\000o\000n\000\040\000a\000n\000d\000\040\000o\000u\000t\000l\000o\000o\000k}{section.4}% 47
\BOOKMARK [1][-]{section.5}{\376\377\000C\000o\000n\000c\000l\000u\000s\000i\000o\000n}{}% 48
