This is pdfTeX, Version 3.14159265-2.6-1.40.19 (MiKTeX 2.9.6630 64-bit) (preloaded format=pdflatex 2018.4.17)  27 JUL 2018 18:31
entering extended mode
**./thesis.tex
(thesis.tex
LaTeX2e <2017-04-15>
Babel <3.18> and hyphenation patterns for 75 language(s) loaded.
(asme2ej.cls

LaTeX Warning: You have requested document class `asme2ej',
               but the document class provides `asme2e'.

Document Class: asme2e 2001/2/14 v2.0 Standard LaTeX document class
("C:\Users\cpalmer\AppData\Local\Programs\MiKTeX 2.9\tex\latex\base\ifthen.sty"
Package: ifthen 2014/09/29 v1.1c Standard LaTeX ifthen package (DPC)
)
("C:\Users\cpalmer\AppData\Local\Programs\MiKTeX 2.9\tex\latex\psnfss\times.sty
"
Package: times 2005/04/12 PSNFSS-v9.2a (SPQR) 
)
("C:\Users\cpalmer\AppData\Local\Programs\MiKTeX 2.9\tex\latex\psnfss\mathptm.s
ty"
Package: mathptm 2005/04/12 PSNFSS-v9.2a Times w/ Math (SPQR, WaS) 


Package mathptm Warning: This package is to be regarded as obsolete.
(mathptm)                See the PSNFSS documentation.

LaTeX Font Info:    Redeclaring symbol font `operators' on input line 31.
LaTeX Font Info:    Overwriting symbol font `operators' in version `normal'
(Font)                  OT1/cmr/m/n --> OT1/ptmcm/m/n on input line 31.
LaTeX Font Info:    Overwriting symbol font `operators' in version `bold'
(Font)                  OT1/cmr/bx/n --> OT1/ptmcm/m/n on input line 31.
LaTeX Font Info:    Redeclaring symbol font `letters' on input line 32.
LaTeX Font Info:    Overwriting symbol font `letters' in version `normal'
(Font)                  OML/cmm/m/it --> OML/ptmcm/m/it on input line 32.
LaTeX Font Info:    Overwriting symbol font `letters' in version `bold'
(Font)                  OML/cmm/b/it --> OML/ptmcm/m/it on input line 32.
LaTeX Font Info:    Redeclaring symbol font `symbols' on input line 33.
LaTeX Font Info:    Overwriting symbol font `symbols' in version `normal'
(Font)                  OMS/cmsy/m/n --> OMS/pzccm/m/n on input line 33.
LaTeX Font Info:    Overwriting symbol font `symbols' in version `bold'
(Font)                  OMS/cmsy/b/n --> OMS/pzccm/m/n on input line 33.
LaTeX Font Info:    Redeclaring symbol font `largesymbols' on input line 34.
LaTeX Font Info:    Overwriting symbol font `largesymbols' in version `normal'
(Font)                  OMX/cmex/m/n --> OMX/psycm/m/n on input line 34.
LaTeX Font Info:    Overwriting symbol font `largesymbols' in version `bold'
(Font)                  OMX/cmex/m/n --> OMX/psycm/m/n on input line 34.
\symbold=\mathgroup4
\symitalic=\mathgroup5
LaTeX Font Info:    Redeclaring math alphabet \mathbf on input line 37.
LaTeX Font Info:    Overwriting math alphabet `\mathbf' in version `normal'
(Font)                  OT1/cmr/bx/n --> OT1/ptm/bx/n on input line 37.
LaTeX Font Info:    Overwriting math alphabet `\mathbf' in version `bold'
(Font)                  OT1/cmr/bx/n --> OT1/ptm/bx/n on input line 37.
LaTeX Font Info:    Redeclaring math alphabet \mathit on input line 38.
LaTeX Font Info:    Overwriting math alphabet `\mathit' in version `normal'
(Font)                  OT1/cmr/m/it --> OT1/ptm/m/it on input line 38.
LaTeX Font Info:    Overwriting math alphabet `\mathit' in version `bold'
(Font)                  OT1/cmr/bx/it --> OT1/ptm/m/it on input line 38.
)
("C:\Users\cpalmer\AppData\Local\Programs\MiKTeX 2.9\tex\generic\oberdiek\ifpdf
.sty"
Package: ifpdf 2017/03/15 v3.2 Provides the ifpdf switch
)
Ten Point
LaTeX Font Info:    Try loading font information for OT1+phv on input line 301.

("C:\Users\cpalmer\AppData\Local\Programs\MiKTeX 2.9\tex\latex\psnfss\ot1phv.fd
"
File: ot1phv.fd 2001/06/04 scalable font definitions for OT1/phv.
)
\c@part=\count79
\c@section=\count80
\c@subsection=\count81
\c@subsubsection=\count82
\c@paragraph=\count83
\c@subparagraph=\count84
\tempbox=\box26
\c@figure=\count85
\c@table=\count86
\@authcnt=\count87
\@tmpcnt=\count88
\bibindent=\dimen102
\tempbox=\box27
\minute=\count89
\hour=\count90
)
("C:\Users\cpalmer\AppData\Local\Programs\MiKTeX 2.9\tex\latex\xcolor\xcolor.st
y"
Package: xcolor 2016/05/11 v2.12 LaTeX color extensions (UK)

("C:\Users\cpalmer\AppData\Local\Programs\MiKTeX 2.9\tex\latex\graphics-cfg\col
or.cfg"
File: color.cfg 2016/01/02 v1.6 sample color configuration
)
Package xcolor Info: Driver file: pdftex.def on input line 225.

("C:\Users\cpalmer\AppData\Local\Programs\MiKTeX 2.9\tex\latex\graphics-def\pdf
tex.def"
File: pdftex.def 2018/01/08 v1.0l Graphics/color driver for pdftex
)
("C:\Users\cpalmer\AppData\Local\Programs\MiKTeX 2.9\tex\latex\colortbl\colortb
l.sty"
Package: colortbl 2018/05/02 v1.0c Color table columns (DPC)

("C:\Users\cpalmer\AppData\Local\Programs\MiKTeX 2.9\tex\latex\tools\array.sty"
Package: array 2016/10/06 v2.4d Tabular extension package (FMi)
\col@sep=\dimen103
\extrarowheight=\dimen104
\NC@list=\toks14
\extratabsurround=\skip41
\backup@length=\skip42
)
\everycr=\toks15
\minrowclearance=\skip43
)
\rownum=\count91
Package xcolor Info: Model `cmy' substituted by `cmy0' on input line 1348.
Package xcolor Info: Model `hsb' substituted by `rgb' on input line 1352.
Package xcolor Info: Model `RGB' extended on input line 1364.
Package xcolor Info: Model `HTML' substituted by `rgb' on input line 1366.
Package xcolor Info: Model `Hsb' substituted by `hsb' on input line 1367.
Package xcolor Info: Model `tHsb' substituted by `hsb' on input line 1368.
Package xcolor Info: Model `HSB' substituted by `hsb' on input line 1369.
Package xcolor Info: Model `Gray' substituted by `gray' on input line 1370.
Package xcolor Info: Model `wave' substituted by `hsb' on input line 1371.
)
("C:\Users\cpalmer\AppData\Local\Programs\MiKTeX 2.9\tex\latex\graphics\epsfig.
sty"
Package: epsfig 2017/06/25 v1.7b (e)psfig emulation (SPQR)

("C:\Users\cpalmer\AppData\Local\Programs\MiKTeX 2.9\tex\latex\graphics\graphic
x.sty"
Package: graphicx 2017/06/01 v1.1a Enhanced LaTeX Graphics (DPC,SPQR)

("C:\Users\cpalmer\AppData\Local\Programs\MiKTeX 2.9\tex\latex\graphics\keyval.
sty"
Package: keyval 2014/10/28 v1.15 key=value parser (DPC)
\KV@toks@=\toks16
)
("C:\Users\cpalmer\AppData\Local\Programs\MiKTeX 2.9\tex\latex\graphics\graphic
s.sty"
Package: graphics 2017/06/25 v1.2c Standard LaTeX Graphics (DPC,SPQR)

("C:\Users\cpalmer\AppData\Local\Programs\MiKTeX 2.9\tex\latex\graphics\trig.st
y"
Package: trig 2016/01/03 v1.10 sin cos tan (DPC)
)
("C:\Users\cpalmer\AppData\Local\Programs\MiKTeX 2.9\tex\latex\graphics-cfg\gra
phics.cfg"
File: graphics.cfg 2016/06/04 v1.11 sample graphics configuration
)
Package graphics Info: Driver file: pdftex.def on input line 99.
)
\Gin@req@height=\dimen105
\Gin@req@width=\dimen106
)
\epsfxsize=\dimen107
\epsfysize=\dimen108
)
("C:\Users\cpalmer\AppData\Local\Programs\MiKTeX 2.9\tex\latex\amsmath\amsmath.
sty"
Package: amsmath 2017/09/02 v2.17a AMS math features
\@mathmargin=\skip44

For additional information on amsmath, use the `?' option.

("C:\Users\cpalmer\AppData\Local\Programs\MiKTeX 2.9\tex\latex\amsmath\amstext.
sty"
Package: amstext 2000/06/29 v2.01 AMS text

("C:\Users\cpalmer\AppData\Local\Programs\MiKTeX 2.9\tex\latex\amsmath\amsgen.s
ty"
File: amsgen.sty 1999/11/30 v2.0 generic functions
\@emptytoks=\toks17
\ex@=\dimen109
))
("C:\Users\cpalmer\AppData\Local\Programs\MiKTeX 2.9\tex\latex\amsmath\amsbsy.s
ty"
Package: amsbsy 1999/11/29 v1.2d Bold Symbols
\pmbraise@=\dimen110
)
("C:\Users\cpalmer\AppData\Local\Programs\MiKTeX 2.9\tex\latex\amsmath\amsopn.s
ty"
Package: amsopn 2016/03/08 v2.02 operator names
)
\inf@bad=\count92
LaTeX Info: Redefining \frac on input line 213.
\uproot@=\count93
\leftroot@=\count94
LaTeX Info: Redefining \overline on input line 375.
\classnum@=\count95
\DOTSCASE@=\count96
LaTeX Info: Redefining \ldots on input line 472.
LaTeX Info: Redefining \dots on input line 475.
LaTeX Info: Redefining \cdots on input line 596.
\Mathstrutbox@=\box28
\strutbox@=\box29
\big@size=\dimen111
LaTeX Font Info:    Redeclaring font encoding OML on input line 712.
LaTeX Font Info:    Redeclaring font encoding OMS on input line 713.
\macc@depth=\count97
\c@MaxMatrixCols=\count98
\dotsspace@=\muskip10
\c@parentequation=\count99
\dspbrk@lvl=\count100
\tag@help=\toks18
\row@=\count101
\column@=\count102
\maxfields@=\count103
\andhelp@=\toks19
\eqnshift@=\dimen112
\alignsep@=\dimen113
\tagshift@=\dimen114
\tagwidth@=\dimen115
\totwidth@=\dimen116
\lineht@=\dimen117
\@envbody=\toks20
\multlinegap=\skip45
\multlinetaggap=\skip46
\mathdisplay@stack=\toks21
LaTeX Info: Redefining \[ on input line 2817.
LaTeX Info: Redefining \] on input line 2818.
)
("C:\Users\cpalmer\AppData\Local\Programs\MiKTeX 2.9\tex\latex\mathtools\mathto
ols.sty"
Package: mathtools 2018/01/08 v1.21 mathematical typesetting tools

("C:\Users\cpalmer\AppData\Local\Programs\MiKTeX 2.9\tex\latex\tools\calc.sty"
Package: calc 2014/10/28 v4.3 Infix arithmetic (KKT,FJ)
\calc@Acount=\count104
\calc@Bcount=\count105
\calc@Adimen=\dimen118
\calc@Bdimen=\dimen119
\calc@Askip=\skip47
\calc@Bskip=\skip48
LaTeX Info: Redefining \setlength on input line 80.
LaTeX Info: Redefining \addtolength on input line 81.
\calc@Ccount=\count106
\calc@Cskip=\skip49
)
("C:\Users\cpalmer\AppData\Local\Programs\MiKTeX 2.9\tex\latex\mathtools\mhsetu
p.sty"
Package: mhsetup 2017/03/31 v1.3 programming setup (MH)
)
LaTeX Info: Thecontrolsequence`\('isalreadyrobust on input line 129.
LaTeX Info: Thecontrolsequence`\)'isalreadyrobust on input line 129.
LaTeX Info: Thecontrolsequence`\['isalreadyrobust on input line 129.
LaTeX Info: Thecontrolsequence`\]'isalreadyrobust on input line 129.
\g_MT_multlinerow_int=\count107
\l_MT_multwidth_dim=\dimen120
\origjot=\skip50
\l_MT_shortvdotswithinadjustabove_dim=\dimen121
\l_MT_shortvdotswithinadjustbelow_dim=\dimen122
\l_MT_above_intertext_sep=\dimen123
\l_MT_below_intertext_sep=\dimen124
\l_MT_above_shortintertext_sep=\dimen125
\l_MT_below_shortintertext_sep=\dimen126
)
("C:\Users\cpalmer\AppData\Local\Programs\MiKTeX 2.9\tex\latex\siunitx\siunitx.
sty"
("C:\Users\cpalmer\AppData\Local\Programs\MiKTeX 2.9\tex\latex\l3kernel\expl3.s
ty"
Package: expl3 2018/03/05 L3 programming layer (loader) 

("C:\Users\cpalmer\AppData\Local\Programs\MiKTeX 2.9\tex\latex\l3kernel\expl3-c
ode.tex"
Package: expl3 2018/03/05 L3 programming layer (code)
\c_max_int=\count108
\l_tmpa_int=\count109
\l_tmpb_int=\count110
\g_tmpa_int=\count111
\g_tmpb_int=\count112
\g__intarray_font_int=\count113
\g__prg_map_int=\count114
\c_log_iow=\count115
\l_iow_line_count_int=\count116
\l__iow_line_target_int=\count117
\l__iow_one_indent_int=\count118
\l__iow_indent_int=\count119
\c_zero_dim=\dimen127
\c_max_dim=\dimen128
\l_tmpa_dim=\dimen129
\l_tmpb_dim=\dimen130
\g_tmpa_dim=\dimen131
\g_tmpb_dim=\dimen132
\c_zero_skip=\skip51
\c_max_skip=\skip52
\l_tmpa_skip=\skip53
\l_tmpb_skip=\skip54
\g_tmpa_skip=\skip55
\g_tmpb_skip=\skip56
\c_zero_muskip=\muskip11
\c_max_muskip=\muskip12
\l_tmpa_muskip=\muskip13
\l_tmpb_muskip=\muskip14
\g_tmpa_muskip=\muskip15
\g_tmpb_muskip=\muskip16
\l_keys_choice_int=\count120
\c__fp_leading_shift_int=\count121
\c__fp_middle_shift_int=\count122
\c__fp_trailing_shift_int=\count123
\c__fp_big_leading_shift_int=\count124
\c__fp_big_middle_shift_int=\count125
\c__fp_big_trailing_shift_int=\count126
\c__fp_Bigg_leading_shift_int=\count127
\c__fp_Bigg_middle_shift_int=\count128
\c__fp_Bigg_trailing_shift_int=\count129
\c__fp_rand_size_int=\count130
\c__fp_rand_four_int=\count131
\c__fp_rand_eight_int=\count132
\l__sort_length_int=\count133
\l__sort_min_int=\count134
\l__sort_top_int=\count135
\l__sort_max_int=\count136
\l__sort_true_max_int=\count137
\l__sort_block_int=\count138
\l__sort_begin_int=\count139
\l__sort_end_int=\count140
\l__sort_A_int=\count141
\l__sort_B_int=\count142
\l__sort_C_int=\count143
\l__tl_build_start_index_int=\count144
\l__tl_build_index_int=\count145
\l__tl_analysis_normal_int=\count146
\l__tl_analysis_index_int=\count147
\l__tl_analysis_nesting_int=\count148
\l__tl_analysis_type_int=\count149
\l__regex_internal_a_int=\count150
\l__regex_internal_b_int=\count151
\l__regex_internal_c_int=\count152
\l__regex_balance_int=\count153
\l__regex_group_level_int=\count154
\l__regex_mode_int=\count155
\c__regex_cs_in_class_mode_int=\count156
\c__regex_cs_mode_int=\count157
\l__regex_catcodes_int=\count158
\l__regex_default_catcodes_int=\count159
\c__regex_catcode_D_int=\count160
\c__regex_catcode_S_int=\count161
\c__regex_catcode_L_int=\count162
\c__regex_catcode_O_int=\count163
\c__regex_catcode_A_int=\count164
\c__regex_all_catcodes_int=\count165
\l__regex_show_lines_int=\count166
\l__regex_min_state_int=\count167
\l__regex_max_state_int=\count168
\l__regex_left_state_int=\count169
\l__regex_right_state_int=\count170
\l__regex_capturing_group_int=\count171
\l__regex_min_pos_int=\count172
\l__regex_max_pos_int=\count173
\l__regex_curr_pos_int=\count174
\l__regex_start_pos_int=\count175
\l__regex_success_pos_int=\count176
\l__regex_curr_char_int=\count177
\l__regex_curr_catcode_int=\count178
\l__regex_last_char_int=\count179
\l__regex_case_changed_char_int=\count180
\l__regex_curr_state_int=\count181
\l__regex_step_int=\count182
\l__regex_min_active_int=\count183
\l__regex_max_active_int=\count184
\l__regex_replacement_csnames_int=\count185
\l__regex_match_count_int=\count186
\l__regex_min_submatch_int=\count187
\l__regex_submatch_int=\count188
\l__regex_zeroth_submatch_int=\count189
\g__regex_trace_regex_int=\count190
\c_empty_box=\box30
\l_tmpa_box=\box31
\l_tmpb_box=\box32
\g_tmpa_box=\box33
\g_tmpb_box=\box34
\l__box_top_dim=\dimen133
\l__box_bottom_dim=\dimen134
\l__box_left_dim=\dimen135
\l__box_right_dim=\dimen136
\l__box_top_new_dim=\dimen137
\l__box_bottom_new_dim=\dimen138
\l__box_left_new_dim=\dimen139
\l__box_right_new_dim=\dimen140
\l__box_internal_box=\box35
\l__coffin_internal_box=\box36
\l__coffin_internal_dim=\dimen141
\l__coffin_offset_x_dim=\dimen142
\l__coffin_offset_y_dim=\dimen143
\l__coffin_x_dim=\dimen144
\l__coffin_y_dim=\dimen145
\l__coffin_x_prime_dim=\dimen146
\l__coffin_y_prime_dim=\dimen147
\c_empty_coffin=\box37
\l__coffin_aligned_coffin=\box38
\l__coffin_aligned_internal_coffin=\box39
\l_tmpa_coffin=\box40
\l_tmpb_coffin=\box41
\l__coffin_display_coffin=\box42
\l__coffin_display_coord_coffin=\box43
\l__coffin_display_pole_coffin=\box44
\l__coffin_display_offset_dim=\dimen148
\l__coffin_display_x_dim=\dimen149
\l__coffin_display_y_dim=\dimen150
\l__coffin_bounding_shift_dim=\dimen151
\l__coffin_left_corner_dim=\dimen152
\l__coffin_right_corner_dim=\dimen153
\l__coffin_bottom_corner_dim=\dimen154
\l__coffin_top_corner_dim=\dimen155
\l__coffin_scaled_total_height_dim=\dimen156
\l__coffin_scaled_width_dim=\dimen157
)
("C:\Users\cpalmer\AppData\Local\Programs\MiKTeX 2.9\tex\latex\l3kernel\l3pdfmo
de.def"
File: l3pdfmode.def 2017/03/18 v L3 Experimental driver: PDF mode
\l__driver_color_stack_int=\count191
))
("C:\Users\cpalmer\AppData\Local\Programs\MiKTeX 2.9\tex\latex\l3packages\xpars
e\xparse.sty"
Package: xparse 2018/02/21 L3 Experimental document command parser
\l__xparse_current_arg_int=\count192
\g__xparse_grabber_int=\count193
\l__xparse_m_args_int=\count194
\l__xparse_mandatory_args_int=\count195
\l__xparse_v_nesting_int=\count196
)
Package: siunitx 2018-03-20 v2.7m A comprehensive (SI) units package

("C:\Users\cpalmer\AppData\Local\Programs\MiKTeX 2.9\tex\latex\l3packages\l3key
s2e\l3keys2e.sty"
Package: l3keys2e 2018/02/21 LaTeX2e option processing using LaTeX3 keys
)
\l__siunitx_tmp_box=\box45
\l__siunitx_tmp_dim=\dimen158
\l__siunitx_tmp_int=\count197
\l__siunitx_number_mantissa_length_int=\count198
\l__siunitx_number_uncert_length_int=\count199
\l__siunitx_round_int=\count266
\l__siunitx_process_decimal_int=\count267
\l__siunitx_process_uncertainty_int=\count268
\l__siunitx_process_fixed_int=\count269
\l__siunitx_process_integer_min_int=\count270
\l__siunitx_process_precision_int=\count271
\l__siunitx_group_min_int=\count272
\l__siunitx_angle_marker_box=\box46
\l__siunitx_angle_unit_box=\box47
\l__siunitx_angle_marker_dim=\dimen159
\l__siunitx_angle_unit_dim=\dimen160
\l__siunitx_unit_int=\count273
\l__siunitx_unit_denominator_int=\count274
\l__siunitx_unit_numerator_int=\count275
\l__siunitx_unit_prefix_int=\count276
\l__siunitx_unit_prefix_base_int=\count277
\l__siunitx_unit_prefix_gram_int=\count278
\l__siunitx_number_product_int=\count279
\c__siunitx_one_fill_skip=\skip57
\l__siunitx_table_unit_align_skip=\skip58
\l__siunitx_table_exponent_dim=\dimen161
\l__siunitx_table_integer_dim=\dimen162
\l__siunitx_table_mantissa_dim=\dimen163
\l__siunitx_table_marker_dim=\dimen164
\l__siunitx_table_result_dim=\dimen165
\l__siunitx_table_uncert_dim=\dimen166
\l__siunitx_table_fill_pre_dim=\dimen167
\l__siunitx_table_fill_post_dim=\dimen168
\l__siunitx_table_fill_mid_dim=\dimen169
\l__siunitx_table_pre_box=\box48
\l__siunitx_table_post_box=\box49
\l__siunitx_table_mantissa_box=\box50
\l__siunitx_table_result_box=\box51
\l__siunitx_table_number_align_skip=\skip59
\l__siunitx_table_text_align_skip=\skip60
.................................................
. LaTeX info: "xparse/define-command"
. 
. Defining command \DeclareBinaryPrefix with sig. 'mmm' on line 7244.
.................................................
.................................................
. LaTeX info: "xparse/define-command"
. 
. Defining command \DeclareSIPostPower with sig. 'mm' on line 7247.
.................................................
.................................................
. LaTeX info: "xparse/define-command"
. 
. Defining command \DeclareSIPrefix with sig. 'mmm' on line 7250.
.................................................
.................................................
. LaTeX info: "xparse/define-command"
. 
. Defining command \DeclareSIPrePower with sig. 'mm' on line 7253.
.................................................
.................................................
. LaTeX info: "xparse/define-command"
. 
. Defining command \DeclareSIQualifier with sig. 'mm' on line 7256.
.................................................
.................................................
. LaTeX info: "xparse/define-command"
. 
. Defining command \DeclareSIUnit with sig. 'O{}mm' on line 7259.
.................................................
.................................................
. LaTeX info: "xparse/define-command"
. 
. Defining command \DeclareSIUnitWithOptions with sig. 'mmm' on line 7262.
.................................................
.................................................
. LaTeX info: "xparse/define-command"
. 
. Defining command \ang with sig. 'o>{\SplitArgument {2}{;}}m' on line 7277.
.................................................
.................................................
. LaTeX info: "xparse/define-command"
. 
. Defining command \num with sig. 'om' on line 7286.
.................................................
.................................................
. LaTeX info: "xparse/define-command"
. 
. Defining command \numlist with sig. 'o>{\SplitList {;}}m' on line 7295.
.................................................
.................................................
. LaTeX info: "xparse/define-command"
. 
. Defining command \numrange with sig. 'omm' on line 7304.
.................................................
.................................................
. LaTeX info: "xparse/define-command"
. 
. Defining command \SIlist with sig. 'o>{\SplitList {;}}mm' on line 7316.
.................................................
.................................................
. LaTeX info: "xparse/define-command"
. 
. Defining command \SIrange with sig. 'ommm' on line 7328.
.................................................
.................................................
. LaTeX info: "xparse/define-command"
. 
. Defining command \SI with sig. 'omom' on line 7340.
.................................................
.................................................
. LaTeX info: "xparse/define-command"
. 
. Defining command \sisetup with sig. 'm' on line 7343.
.................................................
.................................................
. LaTeX info: "xparse/define-command"
. 
. Defining command \tablenum with sig. 'om' on line 7358.
.................................................
.................................................
. LaTeX info: "xparse/define-command"
. 
. Defining command \si with sig. 'om' on line 7370.
.................................................
.................................................
. LaTeX info: "xparse/define-command"
. 
. Defining command \numInBookmark with sig. 'om' on line 7417.
.................................................
.................................................
. LaTeX info: "xparse/define-command"
. 
. Defining command \numrangeInBookmark with sig. 'omm' on line 7419.
.................................................
.................................................
. LaTeX info: "xparse/define-command"
. 
. Defining command \SIInBookmark with sig. 'omom' on line 7421.
.................................................
.................................................
. LaTeX info: "xparse/define-command"
. 
. Defining command \SIlistInBookmark with sig. 'omm' on line 7423.
.................................................
.................................................
. LaTeX info: "xparse/define-command"
. 
. Defining command \SIrangeInBookmark with sig. 'ommm' on line 7425.
.................................................
.................................................
. LaTeX info: "xparse/define-command"
. 
. Defining command \siInBookmark with sig. 'om' on line 7426.
.................................................
\g__file_internal_ior=\read1

("C:\Users\cpalmer\AppData\Local\Programs\MiKTeX 2.9\tex\latex\translator\trans
lator.sty"
Package: translator 2018/01/04 v1.12 Easy translation of strings in LaTeX
))
("C:\Users\cpalmer\AppData\Local\Programs\MiKTeX 2.9\tex\latex\realboxes\realbo
xes.sty"
Package: realboxes 2011/08/08 v0.2 Change box commands to read there content as
 real boxes

("C:\Users\cpalmer\AppData\Local\Programs\MiKTeX 2.9\tex\latex\collectbox\colle
ctbox.sty"
Package: collectbox 2012/05/17 v0.4b Collect macro arguments as boxes
\collectedbox=\box52
)
("C:\Users\cpalmer\AppData\Local\Programs\MiKTeX 2.9\tex\latex\adjustbox\adjcal
c.sty"
Package: adjcalc 2012/05/16 v1.1 Provides advanced setlength with multiple back
-ends (calc, etex, pgfmath)

("C:\Users\cpalmer\AppData\Local\Programs\MiKTeX 2.9\tex\latex\xkeyval\xkeyval.
sty"
Package: xkeyval 2014/12/03 v2.7a package option processing (HA)

("C:\Users\cpalmer\AppData\Local\Programs\MiKTeX 2.9\tex\generic\xkeyval\xkeyva
l.tex"
("C:\Users\cpalmer\AppData\Local\Programs\MiKTeX 2.9\tex\generic\xkeyval\xkvuti
ls.tex"
\XKV@toks=\toks22
\XKV@tempa@toks=\toks23
)
\XKV@depth=\count280
File: xkeyval.tex 2014/12/03 v2.7a key=value parser (HA)
))))
("C:\Users\cpalmer\AppData\Local\Programs\MiKTeX 2.9\tex\latex\hyperref\hyperre
f.sty"
Package: hyperref 2018/02/06 v6.86b Hypertext links for LaTeX

("C:\Users\cpalmer\AppData\Local\Programs\MiKTeX 2.9\tex\generic\oberdiek\hobsu
b-hyperref.sty"
Package: hobsub-hyperref 2016/05/16 v1.14 Bundle oberdiek, subset hyperref (HO)


("C:\Users\cpalmer\AppData\Local\Programs\MiKTeX 2.9\tex\generic\oberdiek\hobsu
b-generic.sty"
Package: hobsub-generic 2016/05/16 v1.14 Bundle oberdiek, subset generic (HO)
Package: hobsub 2016/05/16 v1.14 Construct package bundles (HO)
Package: infwarerr 2016/05/16 v1.4 Providing info/warning/error messages (HO)
Package: ltxcmds 2016/05/16 v1.23 LaTeX kernel commands for general use (HO)
Package: ifluatex 2016/05/16 v1.4 Provides the ifluatex switch (HO)
Package ifluatex Info: LuaTeX not detected.
Package: ifvtex 2016/05/16 v1.6 Detect VTeX and its facilities (HO)
Package ifvtex Info: VTeX not detected.
Package: intcalc 2016/05/16 v1.2 Expandable calculations with integers (HO)
Package hobsub Info: Skipping package `ifpdf' (already loaded).
Package: etexcmds 2016/05/16 v1.6 Avoid name clashes with e-TeX commands (HO)
Package etexcmds Info: Could not find \expanded.
(etexcmds)             That can mean that you are not using pdfTeX 1.50 or
(etexcmds)             that some package has redefined \expanded.
(etexcmds)             In the latter case, load this package earlier.
Package: kvsetkeys 2016/05/16 v1.17 Key value parser (HO)
Package: kvdefinekeys 2016/05/16 v1.4 Define keys (HO)
Package: pdftexcmds 2018/01/21 v0.26 Utility functions of pdfTeX for LuaTeX (HO
)
Package pdftexcmds Info: LuaTeX not detected.
Package pdftexcmds Info: \pdf@primitive is available.
Package pdftexcmds Info: \pdf@ifprimitive is available.
Package pdftexcmds Info: \pdfdraftmode found.
Package: pdfescape 2016/05/16 v1.14 Implements pdfTeX's escape features (HO)
Package: bigintcalc 2016/05/16 v1.4 Expandable calculations on big integers (HO
)
Package: bitset 2016/05/16 v1.2 Handle bit-vector datatype (HO)
Package: uniquecounter 2016/05/16 v1.3 Provide unlimited unique counter (HO)
)
Package hobsub Info: Skipping package `hobsub' (already loaded).
Package: letltxmacro 2016/05/16 v1.5 Let assignment for LaTeX macros (HO)
Package: hopatch 2016/05/16 v1.3 Wrapper for package hooks (HO)
Package: xcolor-patch 2016/05/16 xcolor patch
Package: atveryend 2016/05/16 v1.9 Hooks at the very end of document (HO)
Package atveryend Info: \enddocument detected (standard20110627).
Package: atbegshi 2016/06/09 v1.18 At begin shipout hook (HO)
Package: refcount 2016/05/16 v3.5 Data extraction from label references (HO)
Package: hycolor 2016/05/16 v1.8 Color options for hyperref/bookmark (HO)
)
("C:\Users\cpalmer\AppData\Local\Programs\MiKTeX 2.9\tex\generic\ifxetex\ifxete
x.sty"
Package: ifxetex 2010/09/12 v0.6 Provides ifxetex conditional
)
("C:\Users\cpalmer\AppData\Local\Programs\MiKTeX 2.9\tex\latex\oberdiek\auxhook
.sty"
Package: auxhook 2016/05/16 v1.4 Hooks for auxiliary files (HO)
)
("C:\Users\cpalmer\AppData\Local\Programs\MiKTeX 2.9\tex\latex\oberdiek\kvoptio
ns.sty"
Package: kvoptions 2016/05/16 v3.12 Key value format for package options (HO)
)
\@linkdim=\dimen170
\Hy@linkcounter=\count281
\Hy@pagecounter=\count282

("C:\Users\cpalmer\AppData\Local\Programs\MiKTeX 2.9\tex\latex\hyperref\pd1enc.
def"
File: pd1enc.def 2018/02/06 v6.86b Hyperref: PDFDocEncoding definition (HO)
)
\Hy@SavedSpaceFactor=\count283

("C:\Users\cpalmer\AppData\Local\Programs\MiKTeX 2.9\tex\latex\00miktex\hyperre
f.cfg"
File: hyperref.cfg 2002/06/06 v1.2 hyperref configuration of TeXLive
)
Package hyperref Info: Option `unicode' set `true' on input line 4383.

("C:\Users\cpalmer\AppData\Local\Programs\MiKTeX 2.9\tex\latex\hyperref\puenc.d
ef"
File: puenc.def 2018/02/06 v6.86b Hyperref: PDF Unicode definition (HO)
)
Package hyperref Info: Hyper figures OFF on input line 4509.
Package hyperref Info: Link nesting OFF on input line 4514.
Package hyperref Info: Hyper index ON on input line 4517.
Package hyperref Info: Plain pages OFF on input line 4524.
Package hyperref Info: Backreferencing OFF on input line 4529.
Package hyperref Info: Implicit mode ON; LaTeX internals redefined.
Package hyperref Info: Bookmarks ON on input line 4762.
\c@Hy@tempcnt=\count284
 ("C:\Users\cpalmer\AppData\Local\Programs\MiKTeX 2.9\tex\latex\url\url.sty"
\Urlmuskip=\muskip17
Package: url 2013/09/16  ver 3.4  Verb mode for urls, etc.
)
LaTeX Info: Redefining \url on input line 5115.
\XeTeXLinkMargin=\dimen171
\Fld@menulength=\count285
\Field@Width=\dimen172
\Fld@charsize=\dimen173
Package hyperref Info: Hyper figures OFF on input line 6369.
Package hyperref Info: Link nesting OFF on input line 6374.
Package hyperref Info: Hyper index ON on input line 6377.
Package hyperref Info: backreferencing OFF on input line 6384.
Package hyperref Info: Link coloring OFF on input line 6389.
Package hyperref Info: Link coloring with OCG OFF on input line 6394.
Package hyperref Info: PDF/A mode OFF on input line 6399.
LaTeX Info: Redefining \ref on input line 6439.
LaTeX Info: Redefining \pageref on input line 6443.
\Hy@abspage=\count286
\c@Item=\count287
\c@Hfootnote=\count288
)
Package hyperref Info: Driver (autodetected): hpdftex.

("C:\Users\cpalmer\AppData\Local\Programs\MiKTeX 2.9\tex\latex\hyperref\hpdftex
.def"
File: hpdftex.def 2018/02/06 v6.86b Hyperref driver for pdfTeX
\Fld@listcount=\count289
\c@bookmark@seq@number=\count290

("C:\Users\cpalmer\AppData\Local\Programs\MiKTeX 2.9\tex\latex\oberdiek\rerunfi
lecheck.sty"
Package: rerunfilecheck 2016/05/16 v1.8 Rerun checks for auxiliary files (HO)
Package uniquecounter Info: New unique counter `rerunfilecheck' on input line 2
82.
)
\Hy@SectionHShift=\skip61
)
("C:\Users\cpalmer\AppData\Local\Programs\MiKTeX 2.9\tex\latex\graphics\rotatin
g.sty"
Package: rotating 2016/08/11 v2.16d rotated objects in LaTeX
\c@r@tfl@t=\count291
\rotFPtop=\skip62
\rotFPbot=\skip63
\rot@float@box=\box53
\rot@mess@toks=\toks24
)
("C:\Users\cpalmer\AppData\Local\Programs\MiKTeX 2.9\tex\latex\tools\tabularx.s
ty"
Package: tabularx 2016/02/03 v2.11 `tabularx' package (DPC)
\TX@col@width=\dimen174
\TX@old@table=\dimen175
\TX@old@col=\dimen176
\TX@target=\dimen177
\TX@delta=\dimen178
\TX@cols=\count292
\TX@ftn=\toks25
)
("C:\Users\cpalmer\AppData\Local\Programs\MiKTeX 2.9\tex\latex\booktabs\booktab
s.sty"
Package: booktabs 2005/04/14 v1.61803 publication quality tables
\heavyrulewidth=\dimen179
\lightrulewidth=\dimen180
\cmidrulewidth=\dimen181
\belowrulesep=\dimen182
\belowbottomsep=\dimen183
\aboverulesep=\dimen184
\abovetopsep=\dimen185
\cmidrulesep=\dimen186
\cmidrulekern=\dimen187
\defaultaddspace=\dimen188
\@cmidla=\count293
\@cmidlb=\count294
\@aboverulesep=\dimen189
\@belowrulesep=\dimen190
\@thisruleclass=\count295
\@lastruleclass=\count296
\@thisrulewidth=\dimen191
)
("C:\Users\cpalmer\AppData\Local\Programs\MiKTeX 2.9\tex\latex\multirow\multiro
w.sty"
Package: multirow 2016/11/25 v2.2 Span multiple rows of a table
\multirow@colwidth=\skip64
\multirow@cntb=\count297
\multirow@dima=\skip65
\bigstrutjot=\dimen192
)
("C:\Users\cpalmer\AppData\Local\Programs\MiKTeX 2.9\tex\latex\caption\caption.
sty"
Package: caption 2016/02/21 v3.3-144 Customizing captions (AR)

("C:\Users\cpalmer\AppData\Local\Programs\MiKTeX 2.9\tex\latex\caption\caption3
.sty"
Package: caption3 2016/05/22 v1.7-166 caption3 kernel (AR)
Package caption3 Info: TeX engine: e-TeX on input line 67.
\captionmargin=\dimen193
\captionmargin@=\dimen194
\captionwidth=\dimen195
\caption@tempdima=\dimen196
\caption@indent=\dimen197
\caption@parindent=\dimen198
\caption@hangindent=\dimen199
\abovecaptionskip=\skip66
\belowcaptionskip=\skip67
Package caption Info: Unknown document class (or package),
(caption)             standard defaults will be used.
)

Package caption Warning: Unsupported document class (or package) detected,
(caption)                usage of the caption package is not recommended.
See the caption package documentation for explanation.

Package caption Info: \@makecaption = \long macro:#1#2-> \par \addvspace {6pt}{
\tensf \setbox \@tempboxa \hbox {\egtsf #1.\quad #2}\ifdim \wd \@tempboxa >\hsi
ze {\egtsf #1.\quad \ignorespaces #2}\par \else \hbox to\hsize {\hfil \box \@te
mpboxa \hfil }\fi }.
\c@ContinuedFloat=\count298
Package caption Info: hyperref package is loaded.
Package caption Info: rotating package is loaded.
)
("C:\Users\cpalmer\AppData\Local\Programs\MiKTeX 2.9\tex\latex\adjustbox\adjust
box.sty"
Package: adjustbox 2018/04/08 v1.1 Adjusting TeX boxes (trim, clip, ...)

("C:\Users\cpalmer\AppData\Local\Programs\MiKTeX 2.9\tex\latex\adjustbox\trimcl
ip.sty"
Package: trimclip 2018/04/08 v1.1 Trim and clip general TeX material
\tc@llx=\dimen256
\tc@lly=\dimen257
\tc@urx=\dimen258
\tc@ury=\dimen259
Package trimclip Info: Using driver 'tc-pdftex.def'.

("C:\Users\cpalmer\AppData\Local\Programs\MiKTeX 2.9\tex\latex\adjustbox\tc-pdf
tex.def"
File: tc-pdftex.def 2018/04/08 v2.1 Clipping driver for pdftex
))
\adjbox@Width=\dimen260
\adjbox@Height=\dimen261
\adjbox@Depth=\dimen262
\adjbox@Totalheight=\dimen263
\adjbox@pwidth=\dimen264
\adjbox@pheight=\dimen265
\adjbox@pdepth=\dimen266
\adjbox@ptotalheight=\dimen267

("C:\Users\cpalmer\AppData\Local\Programs\MiKTeX 2.9\tex\latex\ifoddpage\ifoddp
age.sty"
Package: ifoddpage 2016/04/23 v1.1 Conditionals for odd/even page detection
\c@checkoddpage=\count299
)
("C:\Users\cpalmer\AppData\Local\Programs\MiKTeX 2.9\tex\latex\ltxmisc\varwidth
.sty"
Package: varwidth 2009/03/30 ver 0.92;  Variable-width minipages
\@vwid@box=\box54
\sift@deathcycles=\count300
\@vwid@loff=\dimen268
\@vwid@roff=\dimen269
))
("C:\Users\cpalmer\AppData\Local\Programs\MiKTeX 2.9\tex\latex\changepage\chang
epage.sty"
Package: changepage 2009/10/20 v1.0c check page and change page layout
\c@cp@cntr=\count301
\cp@tempcnt=\count302
LaTeX Info: Redefining \checkoddpage on input line 59.
)
("C:\Users\cpalmer\AppData\Local\Programs\MiKTeX 2.9\tex\latex\titlesec\titlese
c.sty"
Package: titlesec 2016/03/21 v2.10.2 Sectioning titles
\ttl@box=\box55
\beforetitleunit=\skip68
\aftertitleunit=\skip69
\ttl@plus=\dimen270
\ttl@minus=\dimen271
\ttl@toksa=\toks26
\titlewidth=\dimen272
\titlewidthlast=\dimen273
\titlewidthfirst=\dimen274
)
("C:\Users\cpalmer\AppData\Local\Programs\MiKTeX 2.9\tex\latex\geometry\geometr
y.sty"
Package: geometry 2010/09/12 v5.6 Page Geometry
\Gm@cnth=\count303
\Gm@cntv=\count304
\c@Gm@tempcnt=\count305
\Gm@bindingoffset=\dimen275
\Gm@wd@mp=\dimen276
\Gm@odd@mp=\dimen277
\Gm@even@mp=\dimen278
\Gm@layoutwidth=\dimen279
\Gm@layoutheight=\dimen280
\Gm@layouthoffset=\dimen281
\Gm@layoutvoffset=\dimen282
\Gm@dimlist=\toks27

("C:\Users\cpalmer\AppData\Local\Programs\MiKTeX 2.9\tex\latex\geometry\geometr
y.cfg"))

Package geometry Warning: `rmargin' results in NEGATIVE (-56.90549pt).
    `width' or `lmargin' should be shortened in length.


Package geometry Warning: `bmargin' results in NEGATIVE (-56.9055pt).
    `height' or `tmargin' should be shortened in length.


("C:\Users\cpalmer\AppData\Local\Programs\MiKTeX 2.9\tex\latex\fancyhdr\fancyhd
r.sty"
Package: fancyhdr 2017/06/30 v3.9a Extensive control of page headers and footer
s
\f@nch@headwidth=\skip70
\f@nch@O@elh=\skip71
\f@nch@O@erh=\skip72
\f@nch@O@olh=\skip73
\f@nch@O@orh=\skip74
\f@nch@O@elf=\skip75
\f@nch@O@erf=\skip76
\f@nch@O@olf=\skip77
\f@nch@O@orf=\skip78
)

Package Fancyhdr Warning: \fancyfoot's `E' option without twoside option is use
less on input line 33.


("C:\Users\cpalmer\AppData\Local\Programs\MiKTeX 2.9\tex\latex\chngcntr\chngcnt
r.sty"
Package: chngcntr 2018/04/09 v1.1a change counter resetting
)

LaTeX Warning: Unused global option(s):
    [onecolumn].

(thesis.aux

LaTeX Warning: Label `cellnum' multiply defined.


LaTeX Warning: Label `simulations' multiply defined.

)
\openout1 = `thesis.aux'.

LaTeX Font Info:    Checking defaults for OML/cmm/m/it on input line 42.
LaTeX Font Info:    ... okay on input line 42.
LaTeX Font Info:    Checking defaults for T1/cmr/m/n on input line 42.
LaTeX Font Info:    ... okay on input line 42.
LaTeX Font Info:    Checking defaults for OT1/cmr/m/n on input line 42.
LaTeX Font Info:    ... okay on input line 42.
LaTeX Font Info:    Checking defaults for OMS/cmsy/m/n on input line 42.
LaTeX Font Info:    ... okay on input line 42.
LaTeX Font Info:    Checking defaults for OMX/cmex/m/n on input line 42.
LaTeX Font Info:    ... okay on input line 42.
LaTeX Font Info:    Checking defaults for U/cmr/m/n on input line 42.
LaTeX Font Info:    ... okay on input line 42.
LaTeX Font Info:    Checking defaults for PD1/pdf/m/n on input line 42.
LaTeX Font Info:    ... okay on input line 42.
LaTeX Font Info:    Checking defaults for PU/pdf/m/n on input line 42.
LaTeX Font Info:    ... okay on input line 42.
LaTeX Font Info:    Try loading font information for OT1+ptm on input line 42.

("C:\Users\cpalmer\AppData\Local\Programs\MiKTeX 2.9\tex\latex\psnfss\ot1ptm.fd
"
File: ot1ptm.fd 2001/06/04 font definitions for OT1/ptm.
)
("C:\Users\cpalmer\AppData\Local\Programs\MiKTeX 2.9\tex\context\base\supp-pdf.
mkii"
[Loading MPS to PDF converter (version 2006.09.02).]
\scratchcounter=\count306
\scratchdimen=\dimen283
\scratchbox=\box56
\nofMPsegments=\count307
\nofMParguments=\count308
\everyMPshowfont=\toks28
\MPscratchCnt=\count309
\MPscratchDim=\dimen284
\MPnumerator=\count310
\makeMPintoPDFobject=\count311
\everyMPtoPDFconversion=\toks29
)
("C:\Users\cpalmer\AppData\Local\Programs\MiKTeX 2.9\tex\latex\oberdiek\epstopd
f-base.sty"
Package: epstopdf-base 2016/05/15 v2.6 Base part for package epstopdf

("C:\Users\cpalmer\AppData\Local\Programs\MiKTeX 2.9\tex\latex\oberdiek\grfext.
sty"
Package: grfext 2016/05/16 v1.2 Manage graphics extensions (HO)
)
Package epstopdf-base Info: Redefining graphics rule for `.eps' on input line 4
38.
Package grfext Info: Graphics extension search list:
(grfext)             [.pdf,.png,.jpg,.mps,.jpeg,.jbig2,.jb2,.PDF,.PNG,.JPG,.JPE
G,.JBIG2,.JB2,.eps]
(grfext)             \AppendGraphicsExtensions on input line 456.
)
("C:\Users\cpalmer\AppData\Local\Programs\MiKTeX 2.9\tex\latex\translator\trans
lator-basic-dictionary-English.dict"
Dictionary: translator-basic-dictionary, Language: English 
)
("C:\Users\cpalmer\AppData\Local\Programs\MiKTeX 2.9\tex\latex\siunitx\siunitx-
abbreviations.cfg"
File: siunitx-abbreviations.cfg 2017/11/26 v2.7k siunitx: Abbreviated units
)
\AtBeginShipoutBox=\box57
Package hyperref Info: Link coloring OFF on input line 42.

("C:\Users\cpalmer\AppData\Local\Programs\MiKTeX 2.9\tex\latex\hyperref\nameref
.sty"
Package: nameref 2016/05/21 v2.44 Cross-referencing by name of section

("C:\Users\cpalmer\AppData\Local\Programs\MiKTeX 2.9\tex\generic\oberdiek\getti
tlestring.sty"
Package: gettitlestring 2016/05/16 v1.5 Cleanup title references (HO)
)
\c@section@level=\count312
)
LaTeX Info: Redefining \ref on input line 42.
LaTeX Info: Redefining \pageref on input line 42.
LaTeX Info: Redefining \nameref on input line 42.
 (thesis.out) (thesis.out)
\@outlinefile=\write3
\openout3 = `thesis.out'.

Package caption Info: Begin \AtBeginDocument code.
Package caption Info: End \AtBeginDocument code.

*geometry* driver: auto-detecting
*geometry* detected driver: pdftex
*geometry* verbose mode - [ preamble ] result:
* driver: pdftex
* paper: a4paper
* layout: <same size as paper>
* layoutoffset:(h,v)=(0.0pt,0.0pt)
* modes: 
* h-part:(L,W,R)=(170.71652pt, 483.69684pt, -56.90549pt)
* v-part:(T,H,B)=(170.71652pt, 731.23582pt, -56.9055pt)
* \paperwidth=597.50787pt
* \paperheight=845.04684pt
* \textwidth=398.33858pt
* \textheight=731.23582pt
* \oddsidemargin=98.44653pt
* \evensidemargin=98.44653pt
* \topmargin=70.44653pt
* \headheight=10.0pt
* \headsep=18.0pt
* \topskip=10.0pt
* \footskip=24.0pt
* \marginparwidth=0.0pt
* \marginparsep=11.0pt
* \columnsep=12.28577pt
* \skip\footins=9.0pt plus 4.0pt minus 2.0pt
* \hoffset=-84.0pt
* \voffset=-120.0pt
* \mag=1000
* \@twocolumnfalse
* \@twosidefalse
* \@mparswitchfalse
* \@reversemarginfalse
* (1in=72.27pt=25.4mm, 1cm=28.453pt)

LaTeX Font Info:    Try loading font information for OT1+ptmcm on input line 42
.

("C:\Users\cpalmer\AppData\Local\Programs\MiKTeX 2.9\tex\latex\psnfss\ot1ptmcm.
fd"
File: ot1ptmcm.fd 2000/01/03 Fontinst v1.801 font definitions for OT1/ptmcm.
)
LaTeX Font Info:    Try loading font information for OML+ptmcm on input line 42
.

("C:\Users\cpalmer\AppData\Local\Programs\MiKTeX 2.9\tex\latex\psnfss\omlptmcm.
fd"
File: omlptmcm.fd 2000/01/03 Fontinst v1.801 font definitions for OML/ptmcm.
)
LaTeX Font Info:    Try loading font information for OMS+pzccm on input line 42
.

("C:\Users\cpalmer\AppData\Local\Programs\MiKTeX 2.9\tex\latex\psnfss\omspzccm.
fd"
File: omspzccm.fd 2000/01/03 Fontinst v1.801 font definitions for OMS/pzccm.
)
LaTeX Font Info:    Try loading font information for OMX+psycm on input line 42
.

("C:\Users\cpalmer\AppData\Local\Programs\MiKTeX 2.9\tex\latex\psnfss\omxpsycm.
fd"
File: omxpsycm.fd 2000/01/03 Fontinst v1.801 font definitions for OMX/psycm.
)
LaTeX Font Info:    Font shape `OT1/ptm/bx/n' in size <10> not available
(Font)              Font shape `OT1/ptm/b/n' tried instead on input line 42.
LaTeX Font Info:    Font shape `OT1/ptm/bx/n' in size <7.4> not available
(Font)              Font shape `OT1/ptm/b/n' tried instead on input line 42.
LaTeX Font Info:    Font shape `OT1/ptm/bx/n' in size <6> not available
(Font)              Font shape `OT1/ptm/b/n' tried instead on input line 42.
LaTeX Font Info:    Font shape `OT1/ptm/bx/n' in size <14.4> not available
(Font)              Font shape `OT1/ptm/b/n' tried instead on input line 45.
 (thesis.toc)
\tf@toc=\write4
\openout4 = `thesis.toc'.



Package Fancyhdr Warning: \headheight is too small (10.0pt): 
 Make it at least 12.0pt.
 We now make it that large for the rest of the document.
 This may cause the page layout to be inconsistent, however.

[1{C:/Users/cpalmer/AppData/Local/MiKTeX/2.9/pdftex/config/pdftex.map}

]
Overfull \hbox (74.71288pt too wide) in paragraph at lines 51--54
[]\OT1/ptm/m/n/10 IMPORTANT POUR LE BIORE-AC-TEUR: https://www.sciencedirect.co
m/science/article/pii/0026286281900844
 []

Missing character: There is no ‚ in font ptmri7t!
Missing character: There is no Ä in font ptmri7t!
Missing character: There is no ú in font ptmri7t!
Missing character: There is no ‚ in font ptmri7t!
Missing character: There is no Ä in font ptmri7t!
Missing character: There is no ù in font ptmri7t!
Missing character: There is no ‚ in font ptmr7t!
Missing character: There is no Ä in font ptmr7t!
Missing character: There is no ì in font ptmr7t!
Missing character: There is no ‚ in font ptmr7t!
Missing character: There is no Ä in font ptmr7t!
Missing character: There is no ú in font ptmr7t!
Missing character: There is no ‚ in font ptmr7t!
Missing character: There is no Ä in font ptmr7t!
Missing character: There is no ù in font ptmr7t!

Overfull \hbox (5.0052pt too wide) in paragraph at lines 78--79
[]\OT1/ptm/m/n/10 Ecrire sous la forme "l'hypothese c'etait bim et du coup on a
 teste boom, et ca a valide l'hypothese
 []


Package Fancyhdr Warning: \headheight is too small (10.0pt): 
 Make it at least 12.0pt.
 We now make it that large for the rest of the document.
 This may cause the page layout to be inconsistent, however.

[2]

LaTeX Warning: Citation `FernAndez-Martinez' on page 3 undefined on input line 
119.


Package Fancyhdr Warning: \headheight is too small (10.0pt): 
 Make it at least 12.0pt.
 We now make it that large for the rest of the document.
 This may cause the page layout to be inconsistent, however.

[3]

LaTeX Warning: Citation `Kovalevich2013' on page 4 undefined on input line 200.



LaTeX Warning: No positions in optional float specifier.
               Default added (so using `tbp') on input line 212.


LaTeX Warning: No positions in optional float specifier.
               Default added (so using `tbp') on input line 230.


Package Fancyhdr Warning: \headheight is too small (10.0pt): 
 Make it at least 12.0pt.
 We now make it that large for the rest of the document.
 This may cause the page layout to be inconsistent, however.

[4]
Overfull \hbox (6.3674pt too wide) in paragraph at lines 295--296
\OT1/ptm/m/n/10 were plated the day prior to trans-fec-tion and on the day, rin
sed with PBS and in-cu-bated in OptiMEM$[]$
 []


Package Fancyhdr Warning: \headheight is too small (10.0pt): 
 Make it at least 12.0pt.
 We now make it that large for the rest of the document.
 This may cause the page layout to be inconsistent, however.

[5]

LaTeX Warning: No positions in optional float specifier.
               Default added (so using `tbp') on input line 357.


Overfull \hbox (22.81775pt too wide) in paragraph at lines 362--373
 [][] 
 []


Package caption Warning: \label without proper reference on input line 524.
See the caption package documentation for explanation.


LaTeX Warning: Reference `RIPA' on page 6 undefined on input line 376.


Package Fancyhdr Warning: \headheight is too small (10.0pt): 
 Make it at least 12.0pt.
 We now make it that large for the rest of the document.
 This may cause the page layout to be inconsistent, however.

[6]

LaTeX Warning: No positions in optional float specifier.
               Default added (so using `tbp') on input line 484.

Missing character: There is no ¬ in font ptmr7t!
Missing character: There is no ∞ in font ptmr7t!

Package Fancyhdr Warning: \headheight is too small (10.0pt): 
 Make it at least 12.0pt.
 We now make it that large for the rest of the document.
 This may cause the page layout to be inconsistent, however.

[7]
Overfull \hbox (1.31548pt too wide) in paragraph at lines 584--587
[]\OT1/ptm/m/n/10 Either with con-cen-trat-ing beam Or with the shield-ing thin
g. DIF-FER-ENT. - changed the medium
 []


Package Fancyhdr Warning: \headheight is too small (10.0pt): 
 Make it at least 12.0pt.
 We now make it that large for the rest of the document.
 This may cause the page layout to be inconsistent, however.

[8]

Package Fancyhdr Warning: \headheight is too small (10.0pt): 
 Make it at least 12.0pt.
 We now make it that large for the rest of the document.
 This may cause the page layout to be inconsistent, however.

[9]
<figures/IF/charac(light)/d0.jpg, id=299, 702.625pt x 100.375pt>
File: figures/IF/charac(light)/d0.jpg Graphic file (type jpg)
<use figures/IF/charac(light)/d0.jpg>
Package pdftex.def Info: figures/IF/charac(light)/d0.jpg  used on input line 64
0.
(pdftex.def)             Requested size: 78.07402pt x 11.15308pt.
<figures/IF/charac(light)/d3.jpg, id=300, 702.625pt x 100.375pt>
File: figures/IF/charac(light)/d3.jpg Graphic file (type jpg)
<use figures/IF/charac(light)/d3.jpg>
Package pdftex.def Info: figures/IF/charac(light)/d3.jpg  used on input line 64
1.
(pdftex.def)             Requested size: 78.07402pt x 11.15308pt.
<figures/IF/charac(light)/d7.jpg, id=301, 702.625pt x 100.375pt>
File: figures/IF/charac(light)/d7.jpg Graphic file (type jpg)
<use figures/IF/charac(light)/d7.jpg>
Package pdftex.def Info: figures/IF/charac(light)/d7.jpg  used on input line 64
2.
(pdftex.def)             Requested size: 78.07402pt x 11.15308pt.
<figures/IF/charac(light)/d14.jpg, id=302, 702.625pt x 100.375pt>
File: figures/IF/charac(light)/d14.jpg Graphic file (type jpg)
<use figures/IF/charac(light)/d14.jpg>
Package pdftex.def Info: figures/IF/charac(light)/d14.jpg  used on input line 6
43.
(pdftex.def)             Requested size: 78.07402pt x 11.15308pt.
<figures/IF/charac(light)/d21.jpg, id=303, 702.625pt x 100.375pt>
File: figures/IF/charac(light)/d21.jpg Graphic file (type jpg)
<use figures/IF/charac(light)/d21.jpg>
Package pdftex.def Info: figures/IF/charac(light)/d21.jpg  used on input line 6
44.
(pdftex.def)             Requested size: 78.07402pt x 11.15308pt.
<figures/IF/charac(light)/d0-s.jpg, id=304, 1490.56876pt x 1780.6525pt>
File: figures/IF/charac(light)/d0-s.jpg Graphic file (type jpg)
<use figures/IF/charac(light)/d0-s.jpg>
Package pdftex.def Info: figures/IF/charac(light)/d0-s.jpg  used on input line 
646.
(pdftex.def)             Requested size: 78.07402pt x 93.24927pt.
<figures/IF/charac(light)/d3-s.jpg, id=305, 1490.56876pt x 1780.6525pt>
File: figures/IF/charac(light)/d3-s.jpg Graphic file (type jpg)
<use figures/IF/charac(light)/d3-s.jpg>
Package pdftex.def Info: figures/IF/charac(light)/d3-s.jpg  used on input line 
647.
(pdftex.def)             Requested size: 78.07402pt x 93.24927pt.
<figures/IF/charac(light)/d7-s.jpg, id=306, 1490.56876pt x 1780.6525pt>
File: figures/IF/charac(light)/d7-s.jpg Graphic file (type jpg)
<use figures/IF/charac(light)/d7-s.jpg>
Package pdftex.def Info: figures/IF/charac(light)/d7-s.jpg  used on input line 
648.
(pdftex.def)             Requested size: 78.07402pt x 93.24927pt.
<figures/IF/charac(light)/d14-s.jpg, id=307, 1490.56876pt x 1780.6525pt>
File: figures/IF/charac(light)/d14-s.jpg Graphic file (type jpg)
<use figures/IF/charac(light)/d14-s.jpg>
Package pdftex.def Info: figures/IF/charac(light)/d14-s.jpg  used on input line
 649.
(pdftex.def)             Requested size: 78.07402pt x 93.24927pt.
<figures/IF/charac(light)/d21-s.jpg, id=308, 1490.56876pt x 1780.6525pt>
File: figures/IF/charac(light)/d21-s.jpg Graphic file (type jpg)
<use figures/IF/charac(light)/d21-s.jpg>
Package pdftex.def Info: figures/IF/charac(light)/d21-s.jpg  used on input line
 650.
(pdftex.def)             Requested size: 78.07402pt x 93.24927pt.
<figures/IF/charac(light)/d0-t.jpg, id=309, 1490.56876pt x 1780.6525pt>
File: figures/IF/charac(light)/d0-t.jpg Graphic file (type jpg)
<use figures/IF/charac(light)/d0-t.jpg>
Package pdftex.def Info: figures/IF/charac(light)/d0-t.jpg  used on input line 
652.
(pdftex.def)             Requested size: 78.07402pt x 93.24927pt.
<figures/IF/charac(light)/d3-t.jpg, id=310, 1490.56876pt x 1780.6525pt>
File: figures/IF/charac(light)/d3-t.jpg Graphic file (type jpg)
<use figures/IF/charac(light)/d3-t.jpg>
Package pdftex.def Info: figures/IF/charac(light)/d3-t.jpg  used on input line 
653.
(pdftex.def)             Requested size: 78.07402pt x 93.24927pt.
<figures/IF/charac(light)/d7-t.jpg, id=311, 1490.56876pt x 1780.6525pt>
File: figures/IF/charac(light)/d7-t.jpg Graphic file (type jpg)
<use figures/IF/charac(light)/d7-t.jpg>
Package pdftex.def Info: figures/IF/charac(light)/d7-t.jpg  used on input line 
653.
(pdftex.def)             Requested size: 78.07402pt x 93.24927pt.
<figures/IF/charac(light)/d14-t.jpg, id=312, 1490.56876pt x 1780.6525pt>
File: figures/IF/charac(light)/d14-t.jpg Graphic file (type jpg)
<use figures/IF/charac(light)/d14-t.jpg>
Package pdftex.def Info: figures/IF/charac(light)/d14-t.jpg  used on input line
 653.
(pdftex.def)             Requested size: 78.07402pt x 93.24927pt.
<figures/IF/charac(light)/d21-t.jpg, id=313, 1490.56876pt x 1780.6525pt>
File: figures/IF/charac(light)/d21-t.jpg Graphic file (type jpg)
<use figures/IF/charac(light)/d21-t.jpg>
Package pdftex.def Info: figures/IF/charac(light)/d21-t.jpg  used on input line
 653.
(pdftex.def)             Requested size: 78.07402pt x 93.24927pt.
<figures/IF/charac(light)/d0-g.jpg, id=314, 1490.56876pt x 1780.6525pt>
File: figures/IF/charac(light)/d0-g.jpg Graphic file (type jpg)
<use figures/IF/charac(light)/d0-g.jpg>
Package pdftex.def Info: figures/IF/charac(light)/d0-g.jpg  used on input line 
655.
(pdftex.def)             Requested size: 78.07402pt x 93.24927pt.
<figures/IF/charac(light)/d3-g.jpg, id=315, 1490.56876pt x 1780.6525pt>
File: figures/IF/charac(light)/d3-g.jpg Graphic file (type jpg)
<use figures/IF/charac(light)/d3-g.jpg>
Package pdftex.def Info: figures/IF/charac(light)/d3-g.jpg  used on input line 
656.
(pdftex.def)             Requested size: 78.07402pt x 93.24927pt.
<figures/IF/charac(light)/d7-g.jpg, id=316, 1490.56876pt x 1780.6525pt>
File: figures/IF/charac(light)/d7-g.jpg Graphic file (type jpg)
<use figures/IF/charac(light)/d7-g.jpg>
Package pdftex.def Info: figures/IF/charac(light)/d7-g.jpg  used on input line 
656.
(pdftex.def)             Requested size: 78.07402pt x 93.24927pt.
<figures/IF/charac(light)/d14-g.jpg, id=317, 1490.56876pt x 1780.6525pt>
File: figures/IF/charac(light)/d14-g.jpg Graphic file (type jpg)
<use figures/IF/charac(light)/d14-g.jpg>
Package pdftex.def Info: figures/IF/charac(light)/d14-g.jpg  used on input line
 656.
(pdftex.def)             Requested size: 78.07402pt x 93.24927pt.
<figures/IF/charac(light)/d21-g.jpg, id=318, 1490.56876pt x 1780.6525pt>
File: figures/IF/charac(light)/d21-g.jpg Graphic file (type jpg)
<use figures/IF/charac(light)/d21-g.jpg>
Package pdftex.def Info: figures/IF/charac(light)/d21-g.jpg  used on input line
 656.
(pdftex.def)             Requested size: 78.07402pt x 93.24927pt.
<figures/IF/charac(light)/d0-m.jpg, id=319, 1490.56876pt x 1780.6525pt>
File: figures/IF/charac(light)/d0-m.jpg Graphic file (type jpg)
<use figures/IF/charac(light)/d0-m.jpg>
Package pdftex.def Info: figures/IF/charac(light)/d0-m.jpg  used on input line 
658.
(pdftex.def)             Requested size: 78.07402pt x 93.24927pt.
<figures/IF/charac(light)/d3-m.jpg, id=320, 1490.56876pt x 1780.6525pt>
File: figures/IF/charac(light)/d3-m.jpg Graphic file (type jpg)
<use figures/IF/charac(light)/d3-m.jpg>
Package pdftex.def Info: figures/IF/charac(light)/d3-m.jpg  used on input line 
659.
(pdftex.def)             Requested size: 78.07402pt x 93.24927pt.
<figures/IF/charac(light)/d7-m.jpg, id=321, 1490.56876pt x 1780.6525pt>
File: figures/IF/charac(light)/d7-m.jpg Graphic file (type jpg)
<use figures/IF/charac(light)/d7-m.jpg>
Package pdftex.def Info: figures/IF/charac(light)/d7-m.jpg  used on input line 
659.
(pdftex.def)             Requested size: 78.07402pt x 93.24927pt.
<figures/IF/charac(light)/d14-m.jpg, id=322, 1490.56876pt x 1780.6525pt>
File: figures/IF/charac(light)/d14-m.jpg Graphic file (type jpg)
<use figures/IF/charac(light)/d14-m.jpg>
Package pdftex.def Info: figures/IF/charac(light)/d14-m.jpg  used on input line
 659.
(pdftex.def)             Requested size: 78.07402pt x 93.24927pt.
<figures/IF/charac(light)/d21-m.jpg, id=323, 1490.56876pt x 1780.6525pt>
File: figures/IF/charac(light)/d21-m.jpg Graphic file (type jpg)
<use figures/IF/charac(light)/d21-m.jpg>
Package pdftex.def Info: figures/IF/charac(light)/d21-m.jpg  used on input line
 659.
(pdftex.def)             Requested size: 78.07402pt x 93.24927pt.


Package Fancyhdr Warning: \headheight is too small (10.0pt): 
 Make it at least 12.0pt.
 We now make it that large for the rest of the document.
 This may cause the page layout to be inconsistent, however.

[10 <./figures/IF/charac(light)/d0.jpg> <./figures/IF/charac(light)/d3.jpg> <./
figures/IF/charac(light)/d7.jpg> <./figures/IF/charac(light)/d14.jpg> <./figure
s/IF/charac(light)/d21.jpg> <./figures/IF/charac(light)/d0-s.jpg> <./figures/IF
/charac(light)/d3-s.jpg> <./figures/IF/charac(light)/d7-s.jpg> <./figures/IF/ch
arac(light)/d14-s.jpg> <./figures/IF/charac(light)/d21-s.jpg> <./figures/IF/cha
rac(light)/d0-t.jpg> <./figures/IF/charac(light)/d3-t.jpg> <./figures/IF/charac
(light)/d7-t.jpg> <./figures/IF/charac(light)/d14-t.jpg> <./figures/IF/charac(l
ight)/d21-t.jpg> <./figures/IF/charac(light)/d0-g.jpg> <./figures/IF/charac(lig
ht)/d3-g.jpg> <./figures/IF/charac(light)/d7-g.jpg> <./figures/IF/charac(light)
/d14-g.jpg> <./figures/IF/charac(light)/d21-g.jpg> <./figures/IF/charac(light)/
d0-m.jpg> <./figures/IF/charac(light)/d3-m.jpg> <./figures/IF/charac(light)/d7-
m.jpg> <./figures/IF/charac(light)/d14-m.jpg> <./figures/IF/charac(light)/d21-m
.jpg>]
<figures/neuron_marker.pdf, id=328, 1133.23375pt x 556.0775pt>
File: figures/neuron_marker.pdf Graphic file (type pdf)
<use figures/neuron_marker.pdf>
Package pdftex.def Info: figures/neuron_marker.pdf  used on input line 669.
(pdftex.def)             Requested size: 398.33858pt x 195.46156pt.
<figures/IF/charac(light)/stain1.jpg, id=329, 100.375pt x 702.625pt>
File: figures/IF/charac(light)/stain1.jpg Graphic file (type jpg)
<use figures/IF/charac(light)/stain1.jpg>
Package pdftex.def Info: figures/IF/charac(light)/stain1.jpg  used on input lin
e 672.
(pdftex.def)             Requested size: 13.9433pt x 97.5949pt.
<figures/IF/charac(light)/SOX2(14)TUJ.jpg, id=330, 1027.84pt x 1027.84pt>
File: figures/IF/charac(light)/SOX2(14)TUJ.jpg Graphic file (type jpg)
<use figures/IF/charac(light)/SOX2(14)TUJ.jpg>
Package pdftex.def Info: figures/IF/charac(light)/SOX2(14)TUJ.jpg  used on inpu
t line 673.
(pdftex.def)             Requested size: 93.6098pt x 93.59946pt.
<figures/IF/charac(light)/TUJ1(14)TUJ.jpg, id=331, 1027.84pt x 1027.84pt>
File: figures/IF/charac(light)/TUJ1(14)TUJ.jpg Graphic file (type jpg)
<use figures/IF/charac(light)/TUJ1(14)TUJ.jpg>
Package pdftex.def Info: figures/IF/charac(light)/TUJ1(14)TUJ.jpg  used on inpu
t line 674.
(pdftex.def)             Requested size: 93.6098pt x 93.59946pt.
<figures/IF/charac(light)/GFAP(14)TUJ.jpg, id=332, 1027.84pt x 1027.84pt>
File: figures/IF/charac(light)/GFAP(14)TUJ.jpg Graphic file (type jpg)
<use figures/IF/charac(light)/GFAP(14)TUJ.jpg>
Package pdftex.def Info: figures/IF/charac(light)/GFAP(14)TUJ.jpg  used on inpu
t line 675.
(pdftex.def)             Requested size: 93.6098pt x 93.59946pt.
<figures/IF/charac(light)/MERGE(14)TUJ.jpg, id=333, 1027.84pt x 1027.84pt>
File: figures/IF/charac(light)/MERGE(14)TUJ.jpg Graphic file (type jpg)
<use figures/IF/charac(light)/MERGE(14)TUJ.jpg>
Package pdftex.def Info: figures/IF/charac(light)/MERGE(14)TUJ.jpg  used on inp
ut line 676.
(pdftex.def)             Requested size: 93.6098pt x 93.59946pt.
<figures/IF/charac(light)/stain2.jpg, id=334, 100.375pt x 702.625pt>
File: figures/IF/charac(light)/stain2.jpg Graphic file (type jpg)
<use figures/IF/charac(light)/stain2.jpg>
Package pdftex.def Info: figures/IF/charac(light)/stain2.jpg  used on input lin
e 678.
(pdftex.def)             Requested size: 13.9433pt x 97.5949pt.
<figures/IF/charac(light)/NESTIN(14)GFAP.jpg, id=335, 1027.84pt x 1027.84pt>
File: figures/IF/charac(light)/NESTIN(14)GFAP.jpg Graphic file (type jpg)
<use figures/IF/charac(light)/NESTIN(14)GFAP.jpg>
Package pdftex.def Info: figures/IF/charac(light)/NESTIN(14)GFAP.jpg  used on i
nput line 679.
(pdftex.def)             Requested size: 93.6098pt x 93.59946pt.
<figures/IF/charac(light)/MAP2(14)GFAP.jpg, id=336, 1027.84pt x 1027.84pt>
File: figures/IF/charac(light)/MAP2(14)GFAP.jpg Graphic file (type jpg)
<use figures/IF/charac(light)/MAP2(14)GFAP.jpg>
Package pdftex.def Info: figures/IF/charac(light)/MAP2(14)GFAP.jpg  used on inp
ut line 680.
(pdftex.def)             Requested size: 93.6098pt x 93.59946pt.
<figures/IF/charac(light)/GFAP(14)GFAP.jpg, id=337, 1027.84pt x 1027.84pt>
File: figures/IF/charac(light)/GFAP(14)GFAP.jpg Graphic file (type jpg)
<use figures/IF/charac(light)/GFAP(14)GFAP.jpg>
Package pdftex.def Info: figures/IF/charac(light)/GFAP(14)GFAP.jpg  used on inp
ut line 681.
(pdftex.def)             Requested size: 93.6098pt x 93.59946pt.
<figures/IF/charac(light)/MERGE(14)GFAP.jpg, id=338, 1027.84pt x 1027.84pt>
File: figures/IF/charac(light)/MERGE(14)GFAP.jpg Graphic file (type jpg)
<use figures/IF/charac(light)/MERGE(14)GFAP.jpg>
Package pdftex.def Info: figures/IF/charac(light)/MERGE(14)GFAP.jpg  used on in
put line 682.
(pdftex.def)             Requested size: 93.6098pt x 93.59946pt.
<figures/IF/charac(light)/stain3.jpg, id=339, 100.375pt x 702.625pt>
File: figures/IF/charac(light)/stain3.jpg Graphic file (type jpg)
<use figures/IF/charac(light)/stain3.jpg>
Package pdftex.def Info: figures/IF/charac(light)/stain3.jpg  used on input lin
e 684.
(pdftex.def)             Requested size: 13.9433pt x 97.5949pt.
<figures/IF/charac(light)/NESTIN(14)OLI.jpg, id=340, 1027.84pt x 1027.84pt>
File: figures/IF/charac(light)/NESTIN(14)OLI.jpg Graphic file (type jpg)
<use figures/IF/charac(light)/NESTIN(14)OLI.jpg>
Package pdftex.def Info: figures/IF/charac(light)/NESTIN(14)OLI.jpg  used on in
put line 685.
(pdftex.def)             Requested size: 93.6098pt x 93.59946pt.
<figures/IF/charac(light)/MAP2(14)OLI.jpg, id=341, 1027.84pt x 1027.84pt>
File: figures/IF/charac(light)/MAP2(14)OLI.jpg Graphic file (type jpg)
<use figures/IF/charac(light)/MAP2(14)OLI.jpg>
Package pdftex.def Info: figures/IF/charac(light)/MAP2(14)OLI.jpg  used on inpu
t line 686.
(pdftex.def)             Requested size: 93.6098pt x 93.59946pt.
<figures/IF/charac(light)/OLIGO1(14)OLI.jpg, id=342, 1027.84pt x 1027.84pt>
File: figures/IF/charac(light)/OLIGO1(14)OLI.jpg Graphic file (type jpg)
<use figures/IF/charac(light)/OLIGO1(14)OLI.jpg>
Package pdftex.def Info: figures/IF/charac(light)/OLIGO1(14)OLI.jpg  used on in
put line 687.
(pdftex.def)             Requested size: 93.6098pt x 93.59946pt.
<figures/IF/charac(light)/MERGE(14)OLI.jpg, id=343, 1027.84pt x 1027.84pt>
File: figures/IF/charac(light)/MERGE(14)OLI.jpg Graphic file (type jpg)
<use figures/IF/charac(light)/MERGE(14)OLI.jpg>
Package pdftex.def Info: figures/IF/charac(light)/MERGE(14)OLI.jpg  used on inp
ut line 688.
(pdftex.def)             Requested size: 93.6098pt x 93.59946pt.


Package Fancyhdr Warning: \headheight is too small (10.0pt): 
 Make it at least 12.0pt.
 We now make it that large for the rest of the document.
 This may cause the page layout to be inconsistent, however.

[11 <./figures/neuron_marker.pdf> <./figures/IF/charac(light)/stain1.jpg> <./fi
gures/IF/charac(light)/SOX2(14)TUJ.jpg> <./figures/IF/charac(light)/TUJ1(14)TUJ
.jpg> <./figures/IF/charac(light)/GFAP(14)TUJ.jpg> <./figures/IF/charac(light)/
MERGE(14)TUJ.jpg> <./figures/IF/charac(light)/stain2.jpg> <./figures/IF/charac(
light)/NESTIN(14)GFAP.jpg> <./figures/IF/charac(light)/MAP2(14)GFAP.jpg> <./fig
ures/IF/charac(light)/GFAP(14)GFAP.jpg> <./figures/IF/charac(light)/MERGE(14)GF
AP.jpg> <./figures/IF/charac(light)/stain3.jpg> <./figures/IF/charac(light)/NES
TIN(14)OLI.jpg> <./figures/IF/charac(light)/MAP2(14)OLI.jpg> <./figures/IF/char
ac(light)/OLIGO1(14)OLI.jpg> <./figures/IF/charac(light)/MERGE(14)OLI.jpg>]
File: figures/IF/charac(light)/d0.jpg Graphic file (type jpg)
<use figures/IF/charac(light)/d0.jpg>
Package pdftex.def Info: figures/IF/charac(light)/d0.jpg  used on input line 71
3.
(pdftex.def)             Requested size: 78.07402pt x 11.15308pt.
File: figures/IF/charac(light)/d3.jpg Graphic file (type jpg)
<use figures/IF/charac(light)/d3.jpg>
Package pdftex.def Info: figures/IF/charac(light)/d3.jpg  used on input line 71
4.
(pdftex.def)             Requested size: 78.07402pt x 11.15308pt.
File: figures/IF/charac(light)/d7.jpg Graphic file (type jpg)
<use figures/IF/charac(light)/d7.jpg>
Package pdftex.def Info: figures/IF/charac(light)/d7.jpg  used on input line 71
5.
(pdftex.def)             Requested size: 78.07402pt x 11.15308pt.
File: figures/IF/charac(light)/d14.jpg Graphic file (type jpg)
<use figures/IF/charac(light)/d14.jpg>
Package pdftex.def Info: figures/IF/charac(light)/d14.jpg  used on input line 7
16.
(pdftex.def)             Requested size: 78.07402pt x 11.15308pt.
File: figures/IF/charac(light)/d21.jpg Graphic file (type jpg)
<use figures/IF/charac(light)/d21.jpg>
Package pdftex.def Info: figures/IF/charac(light)/d21.jpg  used on input line 7
17.
(pdftex.def)             Requested size: 78.07402pt x 11.15308pt.
<figures/IF/SY5Y/d0-t.jpg, id=358, 1490.56876pt x 1780.6525pt>
File: figures/IF/SY5Y/d0-t.jpg Graphic file (type jpg)
<use figures/IF/SY5Y/d0-t.jpg>
Package pdftex.def Info: figures/IF/SY5Y/d0-t.jpg  used on input line 719.
(pdftex.def)             Requested size: 78.07402pt x 93.24927pt.
<figures/IF/SY5Y/d3-t.jpg, id=359, 1490.56876pt x 1780.6525pt>
File: figures/IF/SY5Y/d3-t.jpg Graphic file (type jpg)
<use figures/IF/SY5Y/d3-t.jpg>
Package pdftex.def Info: figures/IF/SY5Y/d3-t.jpg  used on input line 720.
(pdftex.def)             Requested size: 78.07402pt x 93.24927pt.
<figures/IF/SY5Y/d7-t.jpg, id=360, 1490.56876pt x 1780.6525pt>
File: figures/IF/SY5Y/d7-t.jpg Graphic file (type jpg)
<use figures/IF/SY5Y/d7-t.jpg>
Package pdftex.def Info: figures/IF/SY5Y/d7-t.jpg  used on input line 721.
(pdftex.def)             Requested size: 78.07402pt x 93.24927pt.
<figures/IF/SY5Y/d14-t.jpg, id=361, 1490.56876pt x 1780.6525pt>
File: figures/IF/SY5Y/d14-t.jpg Graphic file (type jpg)
<use figures/IF/SY5Y/d14-t.jpg>
Package pdftex.def Info: figures/IF/SY5Y/d14-t.jpg  used on input line 722.
(pdftex.def)             Requested size: 78.07402pt x 93.24927pt.
<figures/IF/SY5Y/d21-t.jpg, id=362, 1490.56876pt x 1780.6525pt>
File: figures/IF/SY5Y/d21-t.jpg Graphic file (type jpg)
<use figures/IF/SY5Y/d21-t.jpg>
Package pdftex.def Info: figures/IF/SY5Y/d21-t.jpg  used on input line 723.
(pdftex.def)             Requested size: 78.07402pt x 93.24927pt.
<figures/a.jpg, id=365, 100.6962pt x 100.6962pt>
File: figures/a.jpg Graphic file (type jpg)
<use figures/a.jpg>
Package pdftex.def Info: figures/a.jpg  used on input line 744.
(pdftex.def)             Requested size: 19.91814pt x 19.91762pt.
<figures/electro/Nucleo.jpg, id=366, 702.625pt x 65.24374pt>
File: figures/electro/Nucleo.jpg Graphic file (type jpg)
<use figures/electro/Nucleo.jpg>
Package pdftex.def Info: figures/electro/Nucleo.jpg  used on input line 747.
(pdftex.def)             Requested size: 131.45245pt x 12.20628pt.
<figures/electro/Lipo2000.jpg, id=367, 702.625pt x 65.24374pt>
File: figures/electro/Lipo2000.jpg Graphic file (type jpg)
<use figures/electro/Lipo2000.jpg>
Package pdftex.def Info: figures/electro/Lipo2000.jpg  used on input line 748.
(pdftex.def)             Requested size: 131.45245pt x 12.20628pt.
<figures/electro/LipoMAX.jpg, id=368, 702.625pt x 65.24374pt>
File: figures/electro/LipoMAX.jpg Graphic file (type jpg)
<use figures/electro/LipoMAX.jpg>
Package pdftex.def Info: figures/electro/LipoMAX.jpg  used on input line 749.
(pdftex.def)             Requested size: 131.45245pt x 12.20628pt.
<figures/electro/ctrl-elec.jpg, id=369, 702.625pt x 526.96875pt>
File: figures/electro/ctrl-elec.jpg Graphic file (type jpg)
<use figures/electro/ctrl-elec.jpg>
Package pdftex.def Info: figures/electro/ctrl-elec.jpg  used on input line 752.

(pdftex.def)             Requested size: 131.45245pt x 98.58928pt.
<figures/electro/BF2000(D1).jpg, id=370, 702.625pt x 526.96875pt>
File: figures/electro/BF2000(D1).jpg Graphic file (type jpg)
<use figures/electro/BF2000(D1).jpg>
Package pdftex.def Info: figures/electro/BF2000(D1).jpg  used on input line 753
.
(pdftex.def)             Requested size: 131.45245pt x 98.58928pt.
<figures/electro/BFMAX(D3).jpg, id=371, 702.625pt x 526.96875pt>
File: figures/electro/BFMAX(D3).jpg Graphic file (type jpg)
<use figures/electro/BFMAX(D3).jpg>
Package pdftex.def Info: figures/electro/BFMAX(D3).jpg  used on input line 754.

(pdftex.def)             Requested size: 131.45245pt x 98.58928pt.
<figures/electro/ctrl-elec-g.jpg, id=372, 702.625pt x 526.96875pt>
File: figures/electro/ctrl-elec-g.jpg Graphic file (type jpg)
<use figures/electro/ctrl-elec-g.jpg>
Package pdftex.def Info: figures/electro/ctrl-elec-g.jpg  used on input line 75
6.
(pdftex.def)             Requested size: 131.45245pt x 98.58928pt.
<figures/electro/G2000(D1).jpg, id=373, 702.625pt x 526.96875pt>
File: figures/electro/G2000(D1).jpg Graphic file (type jpg)
<use figures/electro/G2000(D1).jpg>
Package pdftex.def Info: figures/electro/G2000(D1).jpg  used on input line 757.

(pdftex.def)             Requested size: 131.45245pt x 98.58928pt.
<figures/electro/GMAX(D3).jpg, id=374, 702.625pt x 526.96875pt>
File: figures/electro/GMAX(D3).jpg Graphic file (type jpg)
<use figures/electro/GMAX(D3).jpg>
Package pdftex.def Info: figures/electro/GMAX(D3).jpg  used on input line 758.
(pdftex.def)             Requested size: 131.45245pt x 98.58928pt.
<figures/electro/ctrl-elec-m.jpg, id=375, 702.625pt x 526.96875pt>
File: figures/electro/ctrl-elec-m.jpg Graphic file (type jpg)
<use figures/electro/ctrl-elec-m.jpg>
Package pdftex.def Info: figures/electro/ctrl-elec-m.jpg  used on input line 76
0.
(pdftex.def)             Requested size: 131.45245pt x 98.58928pt.
<figures/electro/Compo2000.jpg, id=376, 702.625pt x 526.96875pt>
File: figures/electro/Compo2000.jpg Graphic file (type jpg)
<use figures/electro/Compo2000.jpg>
Package pdftex.def Info: figures/electro/Compo2000.jpg  used on input line 761.

(pdftex.def)             Requested size: 131.45245pt x 98.58928pt.
<figures/electro/CompoMAX.jpg, id=377, 702.625pt x 526.96875pt>
File: figures/electro/CompoMAX.jpg Graphic file (type jpg)
<use figures/electro/CompoMAX.jpg>
Package pdftex.def Info: figures/electro/CompoMAX.jpg  used on input line 762.
(pdftex.def)             Requested size: 131.45245pt x 98.58928pt.
<figures/b.jpg, id=378, 100.6962pt x 100.6962pt>
File: figures/b.jpg Graphic file (type jpg)
<use figures/b.jpg>
Package pdftex.def Info: figures/b.jpg  used on input line 766.
(pdftex.def)             Requested size: 19.91814pt x 19.91762pt.
<figures/transfection.jpg, id=379, 516.2487pt x 538.8933pt>
File: figures/transfection.jpg Graphic file (type jpg)
<use figures/transfection.jpg>
Package pdftex.def Info: figures/transfection.jpg  used on input line 770.
(pdftex.def)             Requested size: 119.50278pt x 124.74046pt.
<figures/c.jpg, id=380, 100.6962pt x 100.6962pt>
File: figures/c.jpg Graphic file (type jpg)
<use figures/c.jpg>
Package pdftex.def Info: figures/c.jpg  used on input line 775.
(pdftex.def)             Requested size: 19.91814pt x 19.91762pt.
<figures/wb-sirna.jpg, id=381, 1323.94624pt x 576.1525pt>
File: figures/wb-sirna.jpg Graphic file (type jpg)
<use figures/wb-sirna.jpg>
Package pdftex.def Info: figures/wb-sirna.jpg  used on input line 779.
(pdftex.def)             Requested size: 318.67207pt x 138.67503pt.


LaTeX Warning: Float too large for page by 33.90665pt on input line 786.


LaTeX Warning: `h' float specifier changed to `ht'.


LaTeX Warning: Citation `RUBEN' on page 12 undefined on input line 791.


Package Fancyhdr Warning: \headheight is too small (10.0pt): 
 Make it at least 12.0pt.
 We now make it that large for the rest of the document.
 This may cause the page layout to be inconsistent, however.

[12 <./figures/IF/SY5Y/d0-t.jpg> <./figures/IF/SY5Y/d3-t.jpg> <./figures/IF/SY5
Y/d7-t.jpg> <./figures/IF/SY5Y/d14-t.jpg> <./figures/IF/SY5Y/d21-t.jpg>]
File: figures/a.jpg Graphic file (type jpg)
<use figures/a.jpg>
Package pdftex.def Info: figures/a.jpg  used on input line 796.
(pdftex.def)             Requested size: 19.91814pt x 19.91762pt.
<figures/ab_vm.jpg, id=388, 783.4068pt x 450.9648pt>
File: figures/ab_vm.jpg Graphic file (type jpg)
<use figures/ab_vm.jpg>
Package pdftex.def Info: figures/ab_vm.jpg  used on input line 799.
(pdftex.def)             Requested size: 398.33858pt x 229.30775pt.
File: figures/b.jpg Graphic file (type jpg)
<use figures/b.jpg>
Package pdftex.def Info: figures/b.jpg  used on input line 801.
(pdftex.def)             Requested size: 19.91814pt x 19.91762pt.
<figures/abir_vm.jpg, id=389, 783.4068pt x 450.9648pt>
File: figures/abir_vm.jpg Graphic file (type jpg)
<use figures/abir_vm.jpg>
Package pdftex.def Info: figures/abir_vm.jpg  used on input line 804.
(pdftex.def)             Requested size: 398.33858pt x 229.30775pt.


LaTeX Warning: `h' float specifier changed to `ht'.

<Figures/prototypes.pdf, id=390, 460.6008pt x 535.76161pt>
File: Figures/prototypes.pdf Graphic file (type pdf)
<use Figures/prototypes.pdf>
Package pdftex.def Info: Figures/prototypes.pdf  used on input line 826.
(pdftex.def)             Requested size: 398.33858pt x 463.3375pt.

LaTeX Warning: `h' float specifier changed to `ht'.

<Figures/sketch_bio.jpg, id=391, 2327.69624pt x 1806.75pt>
File: Figures/sketch_bio.jpg Graphic file (type jpg)
<use Figures/sketch_bio.jpg>
Package pdftex.def Info: Figures/sketch_bio.jpg  used on input line 832.
(pdftex.def)             Requested size: 398.33858pt x 309.18352pt.
<Figures/bioreactor.jpg, id=392, 963.6pt x 722.7pt>
File: Figures/bioreactor.jpg Graphic file (type jpg)
<use Figures/bioreactor.jpg>
Package pdftex.def Info: Figures/bioreactor.jpg  used on input line 833.
(pdftex.def)             Requested size: 179.25113pt x 134.43625pt.
<Figures/naked-bio.jpg, id=393, 875.27pt x 564.1075pt>
File: Figures/naked-bio.jpg Graphic file (type jpg)
<use Figures/naked-bio.jpg>
Package pdftex.def Info: Figures/naked-bio.jpg  used on input line 834.
(pdftex.def)             Requested size: 179.25113pt x 115.52228pt.

LaTeX Warning: `h' float specifier changed to `ht'.

<figures/workflow.pdf, id=394, 4830.045pt x 2703.09875pt>
File: figures/workflow.pdf Graphic file (type pdf)
<use figures/workflow.pdf>
Package pdftex.def Info: figures/workflow.pdf  used on input line 842.
(pdftex.def)             Requested size: 398.33858pt x 222.89291pt.

LaTeX Warning: `h' float specifier changed to `ht'.

File: figures/a.jpg Graphic file (type jpg)
<use figures/a.jpg>
Package pdftex.def Info: figures/a.jpg  used on input line 851.
(pdftex.def)             Requested size: 19.91814pt x 19.91762pt.
<figures/IF/diff+rad/labCTRL.pdf, id=395, 100.375pt x 702.625pt>
File: figures/IF/diff+rad/labCTRL.pdf Graphic file (type pdf)
<use figures/IF/diff+rad/labCTRL.pdf>
Package pdftex.def Info: figures/IF/diff+rad/labCTRL.pdf  used on input line 85
4.
(pdftex.def)             Requested size: 13.14706pt x 92.01988pt.
<figures/IF/diff+rad(light)/no-t.jpg, id=396, 1780.6525pt x 1490.56876pt>
File: figures/IF/diff+rad(light)/no-t.jpg Graphic file (type jpg)
<use figures/IF/diff+rad(light)/no-t.jpg>
Package pdftex.def Info: figures/IF/diff+rad(light)/no-t.jpg  used on input lin
e 855.
(pdftex.def)             Requested size: 123.48398pt x 103.34972pt.
<figures/IF/diff+rad(light)/no-s.jpg, id=397, 1780.6525pt x 1490.56876pt>
File: figures/IF/diff+rad(light)/no-s.jpg Graphic file (type jpg)
<use figures/IF/diff+rad(light)/no-s.jpg>
Package pdftex.def Info: figures/IF/diff+rad(light)/no-s.jpg  used on input lin
e 856.
(pdftex.def)             Requested size: 123.48398pt x 103.34972pt.
<figures/IF/diff+rad(light)/no-m.jpg, id=398, 1780.6525pt x 1490.56876pt>
File: figures/IF/diff+rad(light)/no-m.jpg Graphic file (type jpg)
<use figures/IF/diff+rad(light)/no-m.jpg>
Package pdftex.def Info: figures/IF/diff+rad(light)/no-m.jpg  used on input lin
e 857.
(pdftex.def)             Requested size: 123.48398pt x 103.34972pt.
<figures/IF/diff+rad/labIR.pdf, id=399, 100.375pt x 702.625pt>
File: figures/IF/diff+rad/labIR.pdf Graphic file (type pdf)
<use figures/IF/diff+rad/labIR.pdf>
Package pdftex.def Info: figures/IF/diff+rad/labIR.pdf  used on input line 859.

(pdftex.def)             Requested size: 13.14706pt x 92.01988pt.
<figures/IF/diff+rad(light)/ir-t.jpg, id=400, 1780.6525pt x 1490.56876pt>
File: figures/IF/diff+rad(light)/ir-t.jpg Graphic file (type jpg)
<use figures/IF/diff+rad(light)/ir-t.jpg>
Package pdftex.def Info: figures/IF/diff+rad(light)/ir-t.jpg  used on input lin
e 860.
(pdftex.def)             Requested size: 123.48398pt x 103.34972pt.
<figures/IF/diff+rad(light)/ir-s.jpg, id=401, 1780.6525pt x 1490.56876pt>
File: figures/IF/diff+rad(light)/ir-s.jpg Graphic file (type jpg)
<use figures/IF/diff+rad(light)/ir-s.jpg>
Package pdftex.def Info: figures/IF/diff+rad(light)/ir-s.jpg  used on input lin
e 861.
(pdftex.def)             Requested size: 123.48398pt x 103.34972pt.
<figures/IF/diff+rad(light)/ir-m.jpg, id=402, 1780.6525pt x 1490.56876pt>
File: figures/IF/diff+rad(light)/ir-m.jpg Graphic file (type jpg)
<use figures/IF/diff+rad(light)/ir-m.jpg>
Package pdftex.def Info: figures/IF/diff+rad(light)/ir-m.jpg  used on input lin
e 862.
(pdftex.def)             Requested size: 123.48398pt x 103.34972pt.
File: figures/b.jpg Graphic file (type jpg)
<use figures/b.jpg>
Package pdftex.def Info: figures/b.jpg  used on input line 864.
(pdftex.def)             Requested size: 19.91814pt x 19.91762pt.
<figures/r_size.jpg, id=403, 442.2924pt x 455.301pt>
File: figures/r_size.jpg Graphic file (type jpg)
<use figures/r_size.jpg>
Package pdftex.def Info: figures/r_size.jpg  used on input line 867.
(pdftex.def)             Requested size: 179.25113pt x 184.52094pt.
<figures/r_neurites.jpg, id=404, 447.1104pt x 413.3844pt>
File: figures/r_neurites.jpg Graphic file (type jpg)
<use figures/r_neurites.jpg>
Package pdftex.def Info: figures/r_neurites.jpg  used on input line 868.
(pdftex.def)             Requested size: 179.25113pt x 165.7356pt.

LaTeX Warning: `h' float specifier changed to `ht'.

File: figures/a.jpg Graphic file (type jpg)
<use figures/a.jpg>
Package pdftex.def Info: figures/a.jpg  used on input line 883.
(pdftex.def)             Requested size: 19.91814pt x 19.91762pt.
<figures/g-h2ax/30min.jpg, id=405, 1054.94125pt x 1054.94125pt>
File: figures/g-h2ax/30min.jpg Graphic file (type jpg)
<use figures/g-h2ax/30min.jpg>
Package pdftex.def Info: figures/g-h2ax/30min.jpg  used on input line 887.
(pdftex.def)             Requested size: 131.45245pt x 131.4488pt.
<figures/g-h2ax/1hr.jpg, id=406, 1054.94125pt x 1054.94125pt>
File: figures/g-h2ax/1hr.jpg Graphic file (type jpg)
<use figures/g-h2ax/1hr.jpg>
Package pdftex.def Info: figures/g-h2ax/1hr.jpg  used on input line 888.
(pdftex.def)             Requested size: 131.45245pt x 131.4488pt.
<figures/g-h2ax/2hr.jpg, id=407, 1054.94125pt x 1054.94125pt>
File: figures/g-h2ax/2hr.jpg Graphic file (type jpg)
<use figures/g-h2ax/2hr.jpg>
Package pdftex.def Info: figures/g-h2ax/2hr.jpg  used on input line 889.
(pdftex.def)             Requested size: 131.45245pt x 131.4488pt.
<figures/g-h2ax/6hr.jpg, id=408, 1054.94125pt x 1054.94125pt>
File: figures/g-h2ax/6hr.jpg Graphic file (type jpg)
<use figures/g-h2ax/6hr.jpg>
Package pdftex.def Info: figures/g-h2ax/6hr.jpg  used on input line 890.
(pdftex.def)             Requested size: 131.45245pt x 131.4488pt.
<figures/g-h2ax/24hr.jpg, id=409, 1054.94125pt x 1054.94125pt>
File: figures/g-h2ax/24hr.jpg Graphic file (type jpg)
<use figures/g-h2ax/24hr.jpg>
Package pdftex.def Info: figures/g-h2ax/24hr.jpg  used on input line 891.
(pdftex.def)             Requested size: 131.45245pt x 131.4488pt.
<figures/g-h2ax/72hr.pdf, id=410, 1054.94125pt x 1054.94125pt>
File: figures/g-h2ax/72hr.pdf Graphic file (type pdf)
<use figures/g-h2ax/72hr.pdf>
Package pdftex.def Info: figures/g-h2ax/72hr.pdf  used on input line 892.
(pdftex.def)             Requested size: 131.45245pt x 131.4488pt.
File: figures/b.jpg Graphic file (type jpg)
<use figures/b.jpg>
Package pdftex.def Info: figures/b.jpg  used on input line 894.
(pdftex.def)             Requested size: 19.91814pt x 19.91762pt.
<figures/g-h2ax.jpg, id=411, 796.6563pt x 512.1534pt>
File: figures/g-h2ax.jpg Graphic file (type jpg)
<use figures/g-h2ax.jpg>
Package pdftex.def Info: figures/g-h2ax.jpg  used on input line 898.
(pdftex.def)             Requested size: 378.42043pt x 243.2832pt.
Missing character: There is no √ in font ptmr7t!
Missing character: There is no © in font ptmr7t!
Missing character: There is no √ in font ptmr7t!
Missing character: There is no © in font ptmr7t!
Missing character: There is no √ in font ptmr7t!
Missing character: There is no © in font ptmr7t!
Missing character: There is no √ in font ptmr7t!
Missing character: There is no © in font ptmr7t!
Missing character: There is no √ in font ptmr7t!
Missing character: There is no © in font ptmr7t!
Missing character: There is no √ in font ptmr7t!
Missing character: There is no © in font ptmr7t!

LaTeX Warning: `h' float specifier changed to `ht'.

File: figures/a.jpg Graphic file (type jpg)
<use figures/a.jpg>
Package pdftex.def Info: figures/a.jpg  used on input line 910.
(pdftex.def)             Requested size: 19.91814pt x 19.91762pt.
<figures/sy5y_dcf.pdf, id=412, 224.7597pt x 267.63991pt>
File: figures/sy5y_dcf.pdf Graphic file (type pdf)
<use figures/sy5y_dcf.pdf>
Package pdftex.def Info: figures/sy5y_dcf.pdf  used on input line 913.
(pdftex.def)             Requested size: 179.25113pt x 213.45471pt.
<figures/vm_dcf.pdf, id=413, 230.0595pt x 205.0059pt>
File: figures/vm_dcf.pdf Graphic file (type pdf)
<use figures/vm_dcf.pdf>
Package pdftex.def Info: figures/vm_dcf.pdf  used on input line 914.
(pdftex.def)             Requested size: 179.25113pt x 159.73816pt.
File: figures/b.jpg Graphic file (type jpg)
<use figures/b.jpg>
Package pdftex.def Info: figures/b.jpg  used on input line 916.
(pdftex.def)             Requested size: 19.91814pt x 19.91762pt.
<figures/dcf_sy5y-.jpg, id=414, 796.6563pt x 481.3182pt>
File: figures/dcf_sy5y-.jpg Graphic file (type jpg)
<use figures/dcf_sy5y-.jpg>
Package pdftex.def Info: figures/dcf_sy5y-.jpg  used on input line 919.
(pdftex.def)             Requested size: 179.25113pt x 108.29926pt.
<figures/dcf_sy5y+.jpg, id=415, 796.6563pt x 481.3182pt>
File: figures/dcf_sy5y+.jpg Graphic file (type jpg)
<use figures/dcf_sy5y+.jpg>
Package pdftex.def Info: figures/dcf_sy5y+.jpg  used on input line 920.
(pdftex.def)             Requested size: 179.25113pt x 108.29926pt.
File: figures/c.jpg Graphic file (type jpg)
<use figures/c.jpg>
Package pdftex.def Info: figures/c.jpg  used on input line 922.
(pdftex.def)             Requested size: 19.91814pt x 19.91762pt.
<figures/dcf_vm-.jpg, id=416, 796.6563pt x 481.3182pt>
File: figures/dcf_vm-.jpg Graphic file (type jpg)
<use figures/dcf_vm-.jpg>
Package pdftex.def Info: figures/dcf_vm-.jpg  used on input line 925.
(pdftex.def)             Requested size: 179.25113pt x 108.29926pt.
<figures/dcf_vm+.jpg, id=417, 796.6563pt x 481.3182pt>
File: figures/dcf_vm+.jpg Graphic file (type jpg)
<use figures/dcf_vm+.jpg>
Package pdftex.def Info: figures/dcf_vm+.jpg  used on input line 926.
(pdftex.def)             Requested size: 179.25113pt x 108.29926pt.

LaTeX Warning: `h' float specifier changed to `ht'.

(thesis.bbl)
Package atveryend Info: Empty hook `BeforeClearDocument' on input line 962.


Package Fancyhdr Warning: \headheight is too small (10.0pt): 
 Make it at least 12.0pt.
 We now make it that large for the rest of the document.
 This may cause the page layout to be inconsistent, however.

[13]

Package Fancyhdr Warning: \headheight is too small (10.0pt): 
 Make it at least 12.0pt.
 We now make it that large for the rest of the document.
 This may cause the page layout to be inconsistent, however.

[14 <./figures/a.jpg> <./figures/electro/Nucleo.jpg> <./figures/electro/Lipo200
0.jpg> <./figures/electro/LipoMAX.jpg> <./figures/electro/ctrl-elec.jpg> <./fig
ures/electro/BF2000(D1).jpg> <./figures/electro/BFMAX(D3).jpg> <./figures/elect
ro/ctrl-elec-g.jpg> <./figures/electro/G2000(D1).jpg> <./figures/electro/GMAX(D
3).jpg> <./figures/electro/ctrl-elec-m.jpg> <./figures/electro/Compo2000.jpg> <
./figures/electro/CompoMAX.jpg> <./figures/b.jpg> <./figures/transfection.jpg> 
<./figures/c.jpg> <./figures/wb-sirna.jpg>]

Package Fancyhdr Warning: \headheight is too small (10.0pt): 
 Make it at least 12.0pt.
 We now make it that large for the rest of the document.
 This may cause the page layout to be inconsistent, however.

[15 <./figures/ab_vm.jpg> <./figures/abir_vm.jpg>]

Package Fancyhdr Warning: \headheight is too small (10.0pt): 
 Make it at least 12.0pt.
 We now make it that large for the rest of the document.
 This may cause the page layout to be inconsistent, however.

[16 <./Figures/prototypes.pdf>]

Package Fancyhdr Warning: \headheight is too small (10.0pt): 
 Make it at least 12.0pt.
 We now make it that large for the rest of the document.
 This may cause the page layout to be inconsistent, however.

[17 <./Figures/sketch_bio.jpg> <./Figures/bioreactor.jpg> <./Figures/naked-bio.
jpg>]

Package Fancyhdr Warning: \headheight is too small (10.0pt): 
 Make it at least 12.0pt.
 We now make it that large for the rest of the document.
 This may cause the page layout to be inconsistent, however.

[18 <./figures/workflow.pdf>]

Package Fancyhdr Warning: \headheight is too small (10.0pt): 
 Make it at least 12.0pt.
 We now make it that large for the rest of the document.
 This may cause the page layout to be inconsistent, however.

[19 <./figures/IF/diff+rad/labCTRL.pdf> <./figures/IF/diff+rad(light)/no-t.jpg>
 <./figures/IF/diff+rad(light)/no-s.jpg> <./figures/IF/diff+rad(light)/no-m.jpg
> <./figures/IF/diff+rad/labIR.pdf> <./figures/IF/diff+rad(light)/ir-t.jpg> <./
figures/IF/diff+rad(light)/ir-s.jpg> <./figures/IF/diff+rad(light)/ir-m.jpg> <.
/figures/r_size.jpg> <./figures/r_neurites.jpg>]

Package Fancyhdr Warning: \headheight is too small (10.0pt): 
 Make it at least 12.0pt.
 We now make it that large for the rest of the document.
 This may cause the page layout to be inconsistent, however.

[20 <./figures/g-h2ax/30min.jpg> <./figures/g-h2ax/1hr.jpg> <./figures/g-h2ax/2
hr.jpg> <./figures/g-h2ax/6hr.jpg> <./figures/g-h2ax/24hr.jpg> <./figures/g-h2a
x/72hr.pdf> <./figures/g-h2ax.jpg>]

Package Fancyhdr Warning: \headheight is too small (10.0pt): 
 Make it at least 12.0pt.
 We now make it that large for the rest of the document.
 This may cause the page layout to be inconsistent, however.

[21 <./figures/sy5y_dcf.pdf> <./figures/vm_dcf.pdf

pdfTeX warning: pdflatex.exe (file ./figures/vm_dcf.pdf): PDF inclusion: multip
le pdfs with page group included in a single page
> <./figures/dcf_sy5y-.jpg> <./figures/dcf_sy5y+.jpg> <./figures/dcf_vm-.jpg> <
./figures/dcf_vm+.jpg>]
Package atveryend Info: Empty hook `AfterLastShipout' on input line 962.
 (thesis.aux)
Package atveryend Info: Executing hook `AtVeryEndDocument' on input line 962.
Package atveryend Info: Executing hook `AtEndAfterFileList' on input line 962.
Package rerunfilecheck Info: File `thesis.out' has not changed.
(rerunfilecheck)             Checksum: 4D155AB5E4654377FABF79BD16A05861;8175.


LaTeX Warning: There were undefined references.


LaTeX Warning: There were multiply-defined labels.

Package atveryend Info: Empty hook `AtVeryVeryEnd' on input line 962.
 ) 
Here is how much of TeX's memory you used:
 24583 strings out of 493305
 451571 string characters out of 3128932
 502800 words of memory out of 3000000
 27734 multiletter control sequences out of 15000+200000
 558509 words of font info for 74 fonts, out of 3000000 for 9000
 1141 hyphenation exceptions out of 8191
 53i,16n,92p,10391b,732s stack positions out of 5000i,500n,10000p,200000b,50000s
{C:/Users/cpalmer/AppData/Local/Programs/MiKTeX 2.9/fonts/enc/dvips/base/8r.e
nc}<C:/Users/cpalmer/AppData/Local/Programs/MiKTeX 2.9/fonts/type1/public/amsfo
nts/cm/cmr10.pfb><C:/Users/cpalmer/AppData/Local/Programs/MiKTeX 2.9/fonts/type
1/public/amsfonts/cm/cmsy10.pfb><C:/Users/cpalmer/AppData/Local/Programs/MiKTeX
 2.9/fonts/type1/urw/symbol/usyr.pfb><C:/Users/cpalmer/AppData/Local/Programs/M
iKTeX 2.9/fonts/type1/urw/times/utmb8a.pfb><C:/Users/cpalmer/AppData/Local/Prog
rams/MiKTeX 2.9/fonts/type1/urw/times/utmr8a.pfb><C:/Users/cpalmer/AppData/Loca
l/Programs/MiKTeX 2.9/fonts/type1/urw/times/utmr8a.pfb><C:/Users/cpalmer/AppDat
a/Local/Programs/MiKTeX 2.9/fonts/type1/urw/times/utmri8a.pfb>
Output written on thesis.pdf (21 pages, 70975603 bytes).
PDF statistics:
 663 PDF objects out of 1000 (max. 8388607)
 86 named destinations out of 1000 (max. 500000)
 850 words of extra memory for PDF output out of 10000 (max. 10000000)

